,number,value,datetime_start,datetime_complete,duration,params_dim_hidden,params_n_layers,params_w0,state
317,317,0.03484799712896347,2022-12-14 00:51:44.244908,2022-12-14 00:52:36.360331,0 days 00:00:52.115423,256,3,18.427073290855354,COMPLETE
318,318,0.05703594908118248,2022-12-14 00:52:36.383039,2022-12-14 00:53:29.502476,0 days 00:00:53.119437,256,4,11.654624326921724,COMPLETE
319,319,0.7628214955329895,2022-12-14 00:53:29.529865,2022-12-14 00:54:14.594132,0 days 00:00:45.064267,256,1,17.320870209458196,COMPLETE
320,320,0.0398561991751194,2022-12-14 00:54:14.620782,2022-12-14 00:55:06.590265,0 days 00:00:51.969483,256,4,16.65039746614532,COMPLETE
321,321,0.04905511811375618,2022-12-14 00:55:06.621658,2022-12-14 00:56:04.093919,0 days 00:00:57.472261,256,5,5.643037344540317,COMPLETE
322,322,0.03511085361242294,2022-12-14 00:56:04.145122,2022-12-14 00:57:12.173506,0 days 00:01:08.028384,256,4,7.642439872014391,COMPLETE
323,323,0.6614241003990173,2022-12-14 00:57:12.230823,2022-12-14 00:58:26.501522,0 days 00:01:14.270699,64,2,10.44538189082728,COMPLETE
324,324,0.06095875799655914,2022-12-14 00:58:26.527531,2022-12-14 00:59:31.025006,0 days 00:01:04.497475,256,4,40.1861282629514,COMPLETE
325,325,0.033285386860370636,2022-12-14 00:59:31.053365,2022-12-14 01:00:26.210068,0 days 00:00:55.156703,256,4,9.243039252369883,COMPLETE
326,326,0.08236656337976456,2022-12-14 01:00:26.238176,2022-12-14 01:01:20.299430,0 days 00:00:54.061254,256,4,1.9429549740829994,COMPLETE
327,327,0.03863345459103584,2022-12-14 01:01:20.329427,2022-12-14 01:02:15.409482,0 days 00:00:55.080055,256,4,6.806593803758352,COMPLETE
328,328,0.05335446819663048,2022-12-14 01:02:15.439794,2022-12-14 01:03:07.098605,0 days 00:00:51.658811,192,4,9.711202716471218,COMPLETE
329,329,0.04273248463869095,2022-12-14 01:03:07.125792,2022-12-14 01:04:02.209718,0 days 00:00:55.083926,256,4,11.43999126345759,COMPLETE
330,330,0.040032267570495605,2022-12-14 01:04:02.238093,2022-12-14 01:04:56.212428,0 days 00:00:53.974335,256,4,12.866655029684283,COMPLETE
331,331,0.03542322665452957,2022-12-14 01:04:56.242025,2022-12-14 01:05:55.006222,0 days 00:00:58.764197,256,4,8.59288769767959,COMPLETE
332,332,0.03832942992448807,2022-12-14 01:05:55.055745,2022-12-14 01:07:08.924765,0 days 00:01:13.869020,256,4,14.122156817508973,COMPLETE
333,333,0.05009680986404419,2022-12-14 01:07:08.954927,2022-12-14 01:08:11.748866,0 days 00:01:02.793939,256,4,10.632229929742248,COMPLETE
334,334,0.03771563246846199,2022-12-14 01:08:11.776067,2022-12-14 01:09:08.402698,0 days 00:00:56.626631,256,3,7.256808050998206,COMPLETE
335,335,0.03319013491272926,2022-12-14 01:09:08.431265,2022-12-14 01:10:08.460040,0 days 00:01:00.028775,256,4,9.059745046123352,COMPLETE
336,336,0.09477534145116806,2022-12-14 01:10:08.489706,2022-12-14 01:11:08.266052,0 days 00:00:59.776346,256,4,4.230725273162903,COMPLETE
337,337,0.061573147773742676,2022-12-14 01:11:08.296436,2022-12-14 01:12:08.002790,0 days 00:00:59.706354,256,4,43.89420316316317,COMPLETE
338,338,0.05088398978114128,2022-12-14 01:12:08.030009,2022-12-14 01:13:07.265517,0 days 00:00:59.235508,256,4,19.73399648690559,COMPLETE
339,339,0.03589572757482529,2022-12-14 01:13:07.294278,2022-12-14 01:14:06.029389,0 days 00:00:58.735111,256,4,11.820822255563844,COMPLETE
340,340,0.034271240234375,2022-12-14 01:14:06.059824,2022-12-14 01:15:05.182176,0 days 00:00:59.122352,256,4,9.776113666607877,COMPLETE
341,341,0.05279308930039406,2022-12-14 01:15:05.236487,2022-12-14 01:16:18.074030,0 days 00:01:12.837543,256,4,5.346430449278387,COMPLETE
342,342,0.038015685975551605,2022-12-14 01:16:18.132748,2022-12-14 01:17:41.057902,0 days 00:01:22.925154,256,4,7.32131609898187,COMPLETE
343,343,0.06707020103931427,2022-12-14 01:17:41.091280,2022-12-14 01:18:46.112707,0 days 00:01:05.021427,256,4,65.03948547961525,COMPLETE
344,344,0.032650355249643326,2022-12-14 01:18:46.137731,2022-12-14 01:19:41.516167,0 days 00:00:55.378436,256,4,8.915293142458973,COMPLETE
345,345,0.036924153566360474,2022-12-14 01:19:41.545191,2022-12-14 01:20:37.819021,0 days 00:00:56.273830,256,4,10.402793377088393,COMPLETE
346,346,0.036241304129362106,2022-12-14 01:20:37.856674,2022-12-14 01:21:37.099909,0 days 00:00:59.243235,256,5,8.270825240666777,COMPLETE
347,347,0.043028511106967926,2022-12-14 01:21:37.125029,2022-12-14 01:22:33.174216,0 days 00:00:56.049187,256,4,6.01634470955317,COMPLETE
348,348,0.039861708879470825,2022-12-14 01:22:33.202453,2022-12-14 01:23:28.422656,0 days 00:00:55.220203,256,4,16.182835655436342,COMPLETE
349,349,0.036498572677373886,2022-12-14 01:23:28.449736,2022-12-14 01:24:24.052701,0 days 00:00:55.602965,256,4,12.53732558961109,COMPLETE
350,350,0.03378438949584961,2022-12-14 01:24:24.100526,2022-12-14 01:25:38.379352,0 days 00:01:14.278826,256,4,9.1647004644179,COMPLETE
351,351,0.04264610633254051,2022-12-14 01:25:38.408362,2022-12-14 01:26:39.585334,0 days 00:01:01.176972,256,4,11.212772720238007,COMPLETE
352,352,0.05800909548997879,2022-12-14 01:26:39.615438,2022-12-14 01:27:34.896209,0 days 00:00:55.280771,256,4,37.39801718904863,COMPLETE
353,353,0.03589649870991707,2022-12-14 01:27:34.923936,2022-12-14 01:28:29.509104,0 days 00:00:54.585168,256,4,7.621458104627903,COMPLETE
354,354,0.12052037566900253,2022-12-14 01:28:29.536330,2022-12-14 01:29:19.464444,0 days 00:00:49.928114,128,4,10.414026611490272,COMPLETE
355,355,0.03658686950802803,2022-12-14 01:29:19.492262,2022-12-14 01:30:14.824077,0 days 00:00:55.331815,256,4,14.51335347898897,COMPLETE
356,356,0.03262077644467354,2022-12-14 01:30:14.852397,2022-12-14 01:31:09.669578,0 days 00:00:54.817181,256,4,8.43830826476411,COMPLETE
357,357,0.06991192698478699,2022-12-14 01:31:09.698359,2022-12-14 01:32:09.687169,0 days 00:00:59.988810,256,6,35.51897761709351,COMPLETE
358,358,0.03989023715257645,2022-12-14 01:32:09.718537,2022-12-14 01:33:03.549389,0 days 00:00:53.830852,256,4,6.403784392652868,COMPLETE
359,359,0.0446745902299881,2022-12-14 01:33:03.577825,2022-12-14 01:34:09.476792,0 days 00:01:05.898967,192,4,8.252456983141004,COMPLETE
360,360,0.0347580686211586,2022-12-14 01:34:09.506837,2022-12-14 01:35:18.370301,0 days 00:01:08.863464,256,4,9.07828895545629,COMPLETE
361,361,0.04467277228832245,2022-12-14 01:35:18.415922,2022-12-14 01:36:31.857971,0 days 00:01:13.442049,256,4,17.516721553895085,COMPLETE
362,362,0.038751233369112015,2022-12-14 01:36:31.885389,2022-12-14 01:37:28.530392,0 days 00:00:56.645003,256,4,6.842519495139344,COMPLETE
363,363,0.09142279624938965,2022-12-14 01:37:28.558877,2022-12-14 01:38:24.802234,0 days 00:00:56.243357,256,4,3.4135519021257617,COMPLETE
364,364,0.06833712756633759,2022-12-14 01:38:24.829671,2022-12-14 01:39:22.405327,0 days 00:00:57.575656,256,4,5.055478228180421,COMPLETE
365,365,0.04866388440132141,2022-12-14 01:39:22.432752,2022-12-14 01:40:19.399044,0 days 00:00:56.966292,256,4,11.533619514808436,COMPLETE
366,366,0.03733140602707863,2022-12-14 01:40:19.429038,2022-12-14 01:41:18.041741,0 days 00:00:58.612703,256,4,8.303283306845811,COMPLETE
367,367,0.07632268965244293,2022-12-14 01:41:18.067897,2022-12-14 01:42:19.118873,0 days 00:01:01.050976,256,5,9.402537078323613,COMPLETE
368,368,0.0359785258769989,2022-12-14 01:42:19.147055,2022-12-14 01:43:24.982805,0 days 00:01:05.835750,256,4,12.831630685789548,COMPLETE
369,369,0.053263962268829346,2022-12-14 01:43:25.039980,2022-12-14 01:44:34.508096,0 days 00:01:09.468116,256,4,10.203125309587998,COMPLETE
370,370,0.035303547978401184,2022-12-14 01:44:34.534525,2022-12-14 01:45:34.696968,0 days 00:01:00.162443,256,4,7.6850614938301085,COMPLETE
371,371,0.043331973254680634,2022-12-14 01:45:34.726118,2022-12-14 01:46:32.226428,0 days 00:00:57.500310,256,4,6.3560478837023116,COMPLETE
372,372,0.03399081900715828,2022-12-14 01:46:32.256590,2022-12-14 01:47:29.981139,0 days 00:00:57.724549,256,4,10.389037856676511,COMPLETE
373,373,0.03423042595386505,2022-12-14 01:47:30.009648,2022-12-14 01:48:26.522272,0 days 00:00:56.512624,256,4,8.599132171088641,COMPLETE
374,374,0.17030829191207886,2022-12-14 01:48:26.549140,2022-12-14 01:49:18.269741,0 days 00:00:51.720601,256,2,11.691130402569696,COMPLETE
375,375,0.03698468580842018,2022-12-14 01:49:18.297354,2022-12-14 01:50:15.956392,0 days 00:00:57.659038,256,4,7.256308066332604,COMPLETE
376,376,0.047364242374897,2022-12-14 01:50:15.983788,2022-12-14 01:51:13.364959,0 days 00:00:57.381171,256,4,20.77838887805715,COMPLETE
377,377,0.035029493272304535,2022-12-14 01:51:13.393026,2022-12-14 01:52:18.693305,0 days 00:01:05.300279,256,4,9.62903945771452,COMPLETE
378,378,0.036795474588871,2022-12-14 01:52:18.721697,2022-12-14 01:53:28.613955,0 days 00:01:09.892258,256,4,13.603884895193168,COMPLETE
379,379,0.050680797547101974,2022-12-14 01:53:28.642899,2022-12-14 01:54:26.329345,0 days 00:00:57.686446,256,4,11.022119126756621,COMPLETE
380,380,0.052905067801475525,2022-12-14 01:54:26.355256,2022-12-14 01:55:20.673507,0 days 00:00:54.318251,256,4,5.388413835152091,COMPLETE
381,381,0.033320456743240356,2022-12-14 01:55:20.700671,2022-12-14 01:56:14.015060,0 days 00:00:53.314389,256,4,8.6430110214417,COMPLETE
382,382,0.0348748117685318,2022-12-14 01:56:14.043877,2022-12-14 01:57:08.225267,0 days 00:00:54.181390,256,4,8.70187988816505,COMPLETE
383,383,0.03741113841533661,2022-12-14 01:57:08.252087,2022-12-14 01:58:02.795899,0 days 00:00:54.543812,256,4,6.86191362513257,COMPLETE
384,384,0.06716379523277283,2022-12-14 01:58:02.825707,2022-12-14 01:58:57.208111,0 days 00:00:54.382404,256,4,59.293675735051266,COMPLETE
385,385,0.055471207946538925,2022-12-14 01:58:57.236494,2022-12-14 01:59:50.311536,0 days 00:00:53.075042,256,4,30.610952191363765,COMPLETE
386,386,0.06808944791555405,2022-12-14 01:59:50.339955,2022-12-14 02:00:55.460324,0 days 00:01:05.120369,256,6,7.927290861351969,COMPLETE
387,387,0.04349168762564659,2022-12-14 02:00:55.488817,2022-12-14 02:01:50.206063,0 days 00:00:54.717246,256,4,15.363176093422984,COMPLETE
388,388,0.03345441445708275,2022-12-14 02:01:50.235938,2022-12-14 02:02:42.243497,0 days 00:00:52.007559,256,4,9.592179017998212,COMPLETE
389,389,0.04486915096640587,2022-12-14 02:02:42.270209,2022-12-14 02:03:36.534381,0 days 00:00:54.264172,256,5,5.972184277813589,COMPLETE
390,390,0.04174593463540077,2022-12-14 02:03:36.560746,2022-12-14 02:04:29.585357,0 days 00:00:53.024611,256,4,12.148641876238594,COMPLETE
391,391,0.04431499168276787,2022-12-14 02:04:29.612662,2022-12-14 02:05:22.714277,0 days 00:00:53.101615,256,4,23.906103509195155,COMPLETE
392,392,0.05262560769915581,2022-12-14 02:05:22.742697,2022-12-14 02:06:18.453739,0 days 00:00:55.711042,256,4,10.678673874963684,COMPLETE
393,393,0.03460527956485748,2022-12-14 02:06:18.481626,2022-12-14 02:07:14.106290,0 days 00:00:55.624664,256,4,7.726507599533386,COMPLETE
394,394,0.03440161794424057,2022-12-14 02:07:14.133506,2022-12-14 02:08:13.555581,0 days 00:00:59.422075,256,4,8.877270286595621,COMPLETE
395,395,0.0917208194732666,2022-12-14 02:08:13.584144,2022-12-14 02:09:16.541280,0 days 00:01:02.957136,256,4,4.270636203497482,COMPLETE
396,396,0.042790453881025314,2022-12-14 02:09:16.569255,2022-12-14 02:10:12.901287,0 days 00:00:56.332032,256,4,18.536963268691796,COMPLETE
397,397,0.03486664593219757,2022-12-14 02:10:12.931315,2022-12-14 02:11:09.642190,0 days 00:00:56.710875,256,4,9.544417845275273,COMPLETE
398,398,0.04113375395536423,2022-12-14 02:11:09.671220,2022-12-14 02:12:04.323325,0 days 00:00:54.652105,192,4,7.13863294087076,COMPLETE
399,399,0.6252673268318176,2022-12-14 02:12:04.351938,2022-12-14 02:12:54.024995,0 days 00:00:49.673057,64,4,10.832936857685873,COMPLETE
400,400,0.03381481394171715,2022-12-14 02:12:54.053045,2022-12-14 02:14:04.749968,0 days 00:01:10.696923,256,4,8.402932304950882,COMPLETE
401,401,0.036943912506103516,2022-12-14 02:14:04.781882,2022-12-14 02:15:18.516202,0 days 00:01:13.734320,256,4,12.99069362454319,COMPLETE
402,402,0.05802857130765915,2022-12-14 02:15:18.572311,2022-12-14 02:16:34.620596,0 days 00:01:16.048285,256,4,28.292842766579152,COMPLETE
403,403,0.040348414331674576,2022-12-14 02:16:34.652191,2022-12-14 02:17:31.853194,0 days 00:00:57.201003,256,4,6.285874670902497,COMPLETE
404,404,0.031161969527602196,2022-12-14 02:17:31.875465,2022-12-14 02:18:26.777795,0 days 00:00:54.902330,256,4,9.932017988554655,COMPLETE
405,405,0.05125895142555237,2022-12-14 02:18:26.804732,2022-12-14 02:19:25.154480,0 days 00:00:58.349748,256,5,11.83580420787224,COMPLETE
406,406,0.04043402895331383,2022-12-14 02:19:25.184232,2022-12-14 02:20:19.717751,0 days 00:00:54.533519,256,4,16.679968724543986,COMPLETE
407,407,0.03219208866357803,2022-12-14 02:20:19.746168,2022-12-14 02:21:12.853297,0 days 00:00:53.107129,256,4,9.79743404946249,COMPLETE
408,408,0.03382682427763939,2022-12-14 02:21:12.879656,2022-12-14 02:22:06.131756,0 days 00:00:53.252100,256,4,10.425733136847992,COMPLETE
409,409,0.03330536186695099,2022-12-14 02:22:06.158265,2022-12-14 02:23:06.397945,0 days 00:01:00.239680,256,4,13.965356494923874,COMPLETE
410,410,0.040180619806051254,2022-12-14 02:23:06.456645,2022-12-14 02:24:13.901847,0 days 00:01:07.445202,256,4,11.956166700845454,COMPLETE
411,411,0.03504326939582825,2022-12-14 02:24:13.933360,2022-12-14 02:25:08.772731,0 days 00:00:54.839371,256,4,9.977456008795293,COMPLETE
412,412,0.050236545503139496,2022-12-14 02:25:08.798466,2022-12-14 02:26:01.677695,0 days 00:00:52.879229,256,4,10.967054228278272,COMPLETE
413,413,0.032360780984163284,2022-12-14 02:26:01.704994,2022-12-14 02:26:54.009460,0 days 00:00:52.304466,256,4,9.649608523374875,COMPLETE
414,414,0.03791482001543045,2022-12-14 02:26:54.036959,2022-12-14 02:27:47.073422,0 days 00:00:53.036463,256,4,12.810472244979756,COMPLETE
415,415,0.03405044227838516,2022-12-14 02:27:47.100481,2022-12-14 02:28:40.478452,0 days 00:00:53.377971,256,4,9.930212217168515,COMPLETE
416,416,0.17114032804965973,2022-12-14 02:28:40.505619,2022-12-14 02:29:27.753020,0 days 00:00:47.247401,128,4,14.999702412254372,COMPLETE
417,417,0.034243181347846985,2022-12-14 02:29:27.777550,2022-12-14 02:30:20.194164,0 days 00:00:52.416614,256,4,7.846441952484063,COMPLETE
418,418,0.0630522295832634,2022-12-14 02:30:20.221434,2022-12-14 02:31:13.422834,0 days 00:00:53.201400,256,4,11.376194532734822,COMPLETE
419,419,0.033193886280059814,2022-12-14 02:31:13.450973,2022-12-14 02:32:19.941402,0 days 00:01:06.490429,256,4,9.417763485642368,COMPLETE
420,420,0.03314570337533951,2022-12-14 02:32:19.993954,2022-12-14 02:33:34.152532,0 days 00:01:14.158578,256,4,10.247586769434681,COMPLETE
421,421,0.053732048720121384,2022-12-14 02:33:34.179623,2022-12-14 02:34:41.011819,0 days 00:01:06.832196,256,4,10.715533178130467,COMPLETE
422,422,0.056330855935811996,2022-12-14 02:34:41.048847,2022-12-14 02:35:52.187307,0 days 00:01:11.138460,256,4,26.163817313453297,COMPLETE
423,423,0.03932758420705795,2022-12-14 02:35:52.213879,2022-12-14 02:36:50.547280,0 days 00:00:58.333401,256,4,12.366436491617913,COMPLETE
424,424,0.03332560509443283,2022-12-14 02:36:50.575431,2022-12-14 02:37:45.591951,0 days 00:00:55.016520,256,4,9.383120385225407,COMPLETE
425,425,0.03828129544854164,2022-12-14 02:37:45.620625,2022-12-14 02:38:44.188612,0 days 00:00:58.567987,256,5,7.546769565081556,COMPLETE
426,426,0.03273345157504082,2022-12-14 02:38:44.215478,2022-12-14 02:39:38.849435,0 days 00:00:54.633957,256,4,11.016840662745736,COMPLETE
427,427,0.047749459743499756,2022-12-14 02:39:38.876671,2022-12-14 02:40:33.993312,0 days 00:00:55.116641,256,4,11.47495133494368,COMPLETE
428,428,0.03534417226910591,2022-12-14 02:40:34.016334,2022-12-14 02:41:29.126362,0 days 00:00:55.110028,256,4,12.680544895938123,COMPLETE
429,429,0.05870601907372475,2022-12-14 02:41:29.154528,2022-12-14 02:42:25.341972,0 days 00:00:56.187444,256,4,10.030327130540657,COMPLETE
430,430,0.045479048043489456,2022-12-14 02:42:25.369838,2022-12-14 02:43:41.326822,0 days 00:01:15.956984,256,4,22.64585826151116,COMPLETE
431,431,0.05290370061993599,2022-12-14 02:43:41.371270,2022-12-14 02:44:52.838202,0 days 00:01:11.466932,256,4,10.827790107337528,COMPLETE
432,432,0.03511044383049011,2022-12-14 02:44:52.869050,2022-12-14 02:45:49.035973,0 days 00:00:56.166923,256,4,8.574617178211154,COMPLETE
433,433,0.04250360280275345,2022-12-14 02:45:49.063173,2022-12-14 02:46:43.537941,0 days 00:00:54.474768,256,4,13.770712495907487,COMPLETE
434,434,0.04164888337254524,2022-12-14 02:46:43.566627,2022-12-14 02:47:37.821911,0 days 00:00:54.255284,256,4,6.774909450427778,COMPLETE
435,435,0.03269609808921814,2022-12-14 02:47:37.850023,2022-12-14 02:48:32.191079,0 days 00:00:54.341056,256,4,9.334876075790156,COMPLETE
436,436,0.07229755818843842,2022-12-14 02:48:32.217361,2022-12-14 02:49:27.786157,0 days 00:00:55.568796,256,4,54.69915662477054,COMPLETE
437,437,0.03650284186005592,2022-12-14 02:49:27.813915,2022-12-14 02:50:20.498574,0 days 00:00:52.684659,256,4,11.605181441833036,COMPLETE
438,438,0.03461866453289986,2022-12-14 02:50:20.528801,2022-12-14 02:51:21.463777,0 days 00:01:00.934976,256,4,8.181269373871693,COMPLETE
439,439,0.04811503365635872,2022-12-14 02:51:21.493581,2022-12-14 02:52:15.896938,0 days 00:00:54.403357,256,4,5.516479929187471,COMPLETE
440,440,0.03435306251049042,2022-12-14 02:52:15.924390,2022-12-14 02:53:07.294508,0 days 00:00:51.370118,256,4,10.14976752871864,COMPLETE
441,441,0.03956296667456627,2022-12-14 02:53:07.322447,2022-12-14 02:53:59.402055,0 days 00:00:52.079608,256,4,7.101329184546518,COMPLETE
442,442,0.035027168691158295,2022-12-14 02:53:59.427640,2022-12-14 02:54:53.138549,0 days 00:00:53.710909,256,5,8.60426026877641,COMPLETE
443,443,0.042931895703077316,2022-12-14 02:54:53.166901,2022-12-14 02:55:45.264424,0 days 00:00:52.097523,256,4,12.119014139432096,COMPLETE
444,444,0.04686269536614418,2022-12-14 02:55:45.292653,2022-12-14 02:56:35.967578,0 days 00:00:50.674925,256,4,10.482315283456014,COMPLETE
445,445,0.03319286182522774,2022-12-14 02:56:35.992884,2022-12-14 02:57:27.684900,0 days 00:00:51.692016,256,4,9.41311762800306,COMPLETE
446,446,0.7451968193054199,2022-12-14 02:57:27.710986,2022-12-14 02:58:13.481937,0 days 00:00:45.770951,256,1,13.373859585403459,COMPLETE
447,447,0.033499374985694885,2022-12-14 02:58:13.507719,2022-12-14 02:59:12.560396,0 days 00:00:59.052677,256,4,7.675877650142677,COMPLETE
448,448,0.05811166763305664,2022-12-14 02:59:12.588366,2022-12-14 03:00:03.469317,0 days 00:00:50.880951,256,3,11.017121094294238,COMPLETE
449,449,0.08359763026237488,2022-12-14 03:00:03.495474,2022-12-14 03:01:02.328020,0 days 00:00:58.832546,256,6,5.26392430725831,COMPLETE
450,450,0.06301907449960709,2022-12-14 03:01:02.355385,2022-12-14 03:01:55.754109,0 days 00:00:53.398724,256,4,48.27569799991076,COMPLETE
451,451,0.03217633068561554,2022-12-14 03:01:55.787783,2022-12-14 03:03:05.360848,0 days 00:01:09.573065,256,4,8.763162629294609,COMPLETE
452,452,0.039893221110105515,2022-12-14 03:03:05.420694,2022-12-14 03:04:21.010006,0 days 00:01:15.589312,256,4,6.455154143446212,COMPLETE
453,453,0.08686217665672302,2022-12-14 03:04:21.037108,2022-12-14 03:05:20.823263,0 days 00:00:59.786155,256,4,2.5597115209324874,COMPLETE
454,454,0.03259201720356941,2022-12-14 03:05:20.849705,2022-12-14 03:06:16.038938,0 days 00:00:55.189233,256,4,8.153266896723235,COMPLETE
455,455,0.0920274630188942,2022-12-14 03:06:16.066283,2022-12-14 03:07:11.257097,0 days 00:00:55.190814,256,4,4.340352613055082,COMPLETE
456,456,0.032939497381448746,2022-12-14 03:07:11.285005,2022-12-14 03:08:07.092568,0 days 00:00:55.807563,256,4,7.566533637356915,COMPLETE
457,457,0.0443255677819252,2022-12-14 03:08:07.121060,2022-12-14 03:09:02.290986,0 days 00:00:55.169926,256,4,5.880057837842667,COMPLETE
458,458,0.04305930808186531,2022-12-14 03:09:02.317030,2022-12-14 03:09:55.236017,0 days 00:00:52.918987,192,4,7.31205073948804,COMPLETE
459,459,0.03807763010263443,2022-12-14 03:09:55.264405,2022-12-14 03:11:00.254514,0 days 00:01:04.990109,256,4,7.178710403945239,COMPLETE
460,460,0.03322960063815117,2022-12-14 03:11:00.300265,2022-12-14 03:12:07.425339,0 days 00:01:07.125074,256,4,8.321298914478975,COMPLETE
461,461,0.0885862484574318,2022-12-14 03:12:07.454561,2022-12-14 03:13:03.379634,0 days 00:00:55.925073,256,4,3.6096557174853077,COMPLETE
462,462,0.049634672701358795,2022-12-14 03:13:03.405656,2022-12-14 03:13:58.285818,0 days 00:00:54.880162,256,4,5.6595115746827975,COMPLETE
463,463,0.03380105644464493,2022-12-14 03:13:58.313591,2022-12-14 03:14:52.907920,0 days 00:00:54.594329,256,4,8.986196295354564,COMPLETE
464,464,0.2006096988916397,2022-12-14 03:14:52.935196,2022-12-14 03:15:42.820432,0 days 00:00:49.885236,256,2,7.817896143252403,COMPLETE
465,465,0.060736481100320816,2022-12-14 03:15:42.852095,2022-12-14 03:16:35.463597,0 days 00:00:52.611502,256,3,9.439225456928584,COMPLETE
466,466,0.03933612257242203,2022-12-14 03:16:35.490099,2022-12-14 03:17:30.527815,0 days 00:00:55.037716,256,4,6.56896830217211,COMPLETE
467,467,0.03246358409523964,2022-12-14 03:17:30.556112,2022-12-14 03:18:24.769707,0 days 00:00:54.213595,256,4,8.00548370851149,COMPLETE
468,468,0.07480456680059433,2022-12-14 03:18:24.798503,2022-12-14 03:19:36.056560,0 days 00:01:11.258057,256,5,4.886793329928482,COMPLETE
469,469,0.03781164437532425,2022-12-14 03:19:36.082452,2022-12-14 03:20:35.402515,0 days 00:00:59.320063,256,4,6.943799999637644,COMPLETE
470,470,0.03758898004889488,2022-12-14 03:20:35.430596,2022-12-14 03:21:28.209379,0 days 00:00:52.778783,256,4,7.982679839571898,COMPLETE
471,471,0.03933849558234215,2022-12-14 03:21:28.236683,2022-12-14 03:22:19.858171,0 days 00:00:51.621488,256,4,6.4512857872615434,COMPLETE
472,472,0.03573118522763252,2022-12-14 03:22:19.886582,2022-12-14 03:23:11.627952,0 days 00:00:51.741370,256,4,8.445385754169147,COMPLETE
473,473,0.0938454121351242,2022-12-14 03:23:11.655587,2022-12-14 03:24:03.608751,0 days 00:00:51.953164,256,4,4.839699618698614,COMPLETE
474,474,0.034288253635168076,2022-12-14 03:24:03.636634,2022-12-14 03:24:54.568553,0 days 00:00:50.931919,256,4,9.546102637498045,COMPLETE
