,number,value,datetime_start,datetime_complete,duration,params_dim_hidden,params_n_layers,params_w0,state
475,475,0.035138145089149475,2022-12-14 03:24:54.593912,2022-12-14 03:25:46.366173,0 days 00:00:51.772261,256,4,8.085846921183405,COMPLETE
476,476,0.05616672709584236,2022-12-14 03:25:46.393652,2022-12-14 03:26:40.542301,0 days 00:00:54.148649,256,4,24.82832335948098,COMPLETE
477,477,0.03872600197792053,2022-12-14 03:26:40.597439,2022-12-14 03:27:41.593233,0 days 00:01:00.995794,256,4,10.953415479514234,COMPLETE
478,478,0.04322050139307976,2022-12-14 03:27:41.621368,2022-12-14 03:28:34.456258,0 days 00:00:52.834890,256,4,6.136543483272499,COMPLETE
479,479,0.034386880695819855,2022-12-14 03:28:34.484360,2022-12-14 03:29:25.204915,0 days 00:00:50.720555,256,4,9.273019393216055,COMPLETE
480,480,0.03605284169316292,2022-12-14 03:29:25.232882,2022-12-14 03:30:16.518230,0 days 00:00:51.285348,256,4,7.363888836043517,COMPLETE
481,481,0.6548997163772583,2022-12-14 03:30:16.546016,2022-12-14 03:31:02.916787,0 days 00:00:46.370771,64,4,10.227742008031449,COMPLETE
482,482,0.23460637032985687,2022-12-14 03:31:02.944904,2022-12-14 03:31:51.018510,0 days 00:00:48.073606,128,3,21.26381501026541,COMPLETE
483,483,0.03789522498846054,2022-12-14 03:31:51.045911,2022-12-14 03:32:46.542893,0 days 00:00:55.496982,256,4,12.041244742290754,COMPLETE
484,484,0.03383306786417961,2022-12-14 03:32:46.570171,2022-12-14 03:33:42.649925,0 days 00:00:56.079754,256,4,8.732348091436537,COMPLETE
485,485,0.03669128566980362,2022-12-14 03:33:42.679938,2022-12-14 03:34:39.885344,0 days 00:00:57.205406,256,4,10.669687079765962,COMPLETE
486,486,0.03471703827381134,2022-12-14 03:34:39.908987,2022-12-14 03:35:38.048738,0 days 00:00:58.139751,256,4,7.773157612837081,COMPLETE
487,487,0.0332789272069931,2022-12-14 03:35:38.070511,2022-12-14 03:36:34.342942,0 days 00:00:56.272431,256,4,9.274819526795195,COMPLETE
488,488,0.03773421794176102,2022-12-14 03:36:34.375866,2022-12-14 03:37:31.014295,0 days 00:00:56.638429,256,4,6.793641957518151,COMPLETE
489,489,0.05323826149106026,2022-12-14 03:37:31.046894,2022-12-14 03:38:30.274041,0 days 00:00:59.227147,256,4,38.601359923789005,COMPLETE
490,490,0.036091357469558716,2022-12-14 03:38:30.342949,2022-12-14 03:39:49.187792,0 days 00:01:18.844843,256,4,12.212768890170974,COMPLETE
491,491,0.056479524821043015,2022-12-14 03:39:49.217876,2022-12-14 03:41:00.469698,0 days 00:01:11.251822,256,4,32.547352175395886,COMPLETE
492,492,0.08280626684427261,2022-12-14 03:41:00.500666,2022-12-14 03:41:54.573877,0 days 00:00:54.073211,192,5,5.181610910630872,COMPLETE
493,493,0.04108678922057152,2022-12-14 03:41:54.602630,2022-12-14 03:42:49.144873,0 days 00:00:54.542243,256,4,9.882105749003198,COMPLETE
494,494,0.03250594437122345,2022-12-14 03:42:49.170984,2022-12-14 03:43:43.766710,0 days 00:00:54.595726,256,4,8.24053905626149,COMPLETE
495,495,0.042931459844112396,2022-12-14 03:43:43.794712,2022-12-14 03:44:38.178360,0 days 00:00:54.383648,256,4,5.888353527244467,COMPLETE
496,496,0.09323020279407501,2022-12-14 03:44:38.206911,2022-12-14 03:45:31.898537,0 days 00:00:53.691626,256,4,3.9712325569577818,COMPLETE
497,497,0.0350666269659996,2022-12-14 03:45:31.924992,2022-12-14 03:46:24.001483,0 days 00:00:52.076491,256,4,8.066452025138261,COMPLETE
498,498,0.03845139220356941,2022-12-14 03:46:24.029594,2022-12-14 03:47:13.798805,0 days 00:00:49.769211,256,3,7.263591676042548,COMPLETE
499,499,0.034458376467227936,2022-12-14 03:47:13.826071,2022-12-14 03:48:09.310265,0 days 00:00:55.484194,256,4,8.551757493455113,COMPLETE
500,500,0.08384907990694046,2022-12-14 03:48:09.361639,2022-12-14 03:49:23.085816,0 days 00:01:13.724177,256,4,2.312468141256324,COMPLETE
501,501,0.04332393780350685,2022-12-14 03:49:23.120938,2022-12-14 03:50:26.405604,0 days 00:01:03.284666,256,4,5.862282137058484,COMPLETE
502,502,0.03342340141534805,2022-12-14 03:50:26.457672,2022-12-14 03:51:24.509318,0 days 00:00:58.051646,256,4,8.793523561653773,COMPLETE
503,503,0.04341110587120056,2022-12-14 03:51:24.536460,2022-12-14 03:52:17.157906,0 days 00:00:52.621446,256,4,11.127910383846478,COMPLETE
504,504,0.039559800177812576,2022-12-14 03:52:17.187050,2022-12-14 03:53:09.964894,0 days 00:00:52.777844,256,4,7.095012854490164,COMPLETE
505,505,0.07065413892269135,2022-12-14 03:53:09.990970,2022-12-14 03:54:06.491780,0 days 00:00:56.500810,256,6,9.881579579598398,COMPLETE
506,506,0.03581666946411133,2022-12-14 03:54:06.522904,2022-12-14 03:54:58.612821,0 days 00:00:52.089917,256,4,7.739269599009371,COMPLETE
507,507,0.03410746157169342,2022-12-14 03:54:58.640054,2022-12-14 03:55:51.517608,0 days 00:00:52.877554,256,4,13.490895065200718,COMPLETE
508,508,0.04461485147476196,2022-12-14 03:55:51.544360,2022-12-14 03:56:46.318395,0 days 00:00:54.774035,256,5,11.35497240665957,COMPLETE
509,509,0.03391445800662041,2022-12-14 03:56:46.346275,2022-12-14 03:57:37.481588,0 days 00:00:51.135313,256,4,9.024261569048045,COMPLETE
510,510,0.030669191852211952,2022-12-14 03:57:37.509099,2022-12-14 03:58:37.806412,0 days 00:01:00.297313,256,4,19.423448173162946,COMPLETE
511,511,0.1743352860212326,2022-12-14 03:58:37.833744,2022-12-14 03:59:37.527658,0 days 00:00:59.693914,256,2,22.092820279536763,COMPLETE
512,512,0.0567045621573925,2022-12-14 03:59:37.549767,2022-12-14 04:00:33.719575,0 days 00:00:56.169808,256,4,19.096569310416164,COMPLETE
513,513,0.05052287131547928,2022-12-14 04:00:33.746524,2022-12-14 04:01:30.807125,0 days 00:00:57.060601,256,4,19.468317435985494,COMPLETE
514,514,0.05798475444316864,2022-12-14 04:01:30.836037,2022-12-14 04:02:28.294521,0 days 00:00:57.458484,256,4,23.289302161843263,COMPLETE
515,515,0.043457675725221634,2022-12-14 04:02:28.321755,2022-12-14 04:03:27.589583,0 days 00:00:59.267828,256,3,19.229822187970488,COMPLETE
516,516,0.052308544516563416,2022-12-14 04:03:27.641890,2022-12-14 04:04:42.889864,0 days 00:01:15.247974,256,4,20.571327224590014,COMPLETE
517,517,0.048570699989795685,2022-12-14 04:04:42.936758,2022-12-14 04:05:46.107629,0 days 00:01:03.170871,256,4,21.504068568160797,COMPLETE
518,518,0.033262740820646286,2022-12-14 04:05:46.134337,2022-12-14 04:06:55.500124,0 days 00:01:09.365787,256,4,16.894979190592977,COMPLETE
519,519,0.04195637255907059,2022-12-14 04:06:55.526464,2022-12-14 04:07:49.913728,0 days 00:00:54.387264,256,4,18.611952975625844,COMPLETE
520,520,0.045380692929029465,2022-12-14 04:07:49.940961,2022-12-14 04:08:45.344024,0 days 00:00:55.403063,256,4,17.762502706012025,COMPLETE
521,521,0.055000804364681244,2022-12-14 04:08:45.370219,2022-12-14 04:09:40.163568,0 days 00:00:54.793349,256,4,27.45485340803224,COMPLETE
522,522,0.04220479354262352,2022-12-14 04:09:40.188549,2022-12-14 04:10:35.777484,0 days 00:00:55.588935,256,4,20.090181970569063,COMPLETE
523,523,0.04485573247075081,2022-12-14 04:10:35.804346,2022-12-14 04:11:33.548961,0 days 00:00:57.744615,256,5,15.54993748420657,COMPLETE
524,524,0.038130324333906174,2022-12-14 04:11:33.575318,2022-12-14 04:12:29.335262,0 days 00:00:55.759944,256,4,10.275429227369827,COMPLETE
525,525,0.045392051339149475,2022-12-14 04:12:29.362840,2022-12-14 04:13:24.275299,0 days 00:00:54.912459,256,4,14.45633931747265,COMPLETE
526,526,0.0650799348950386,2022-12-14 04:13:24.302322,2022-12-14 04:14:18.003278,0 days 00:00:53.700956,192,4,12.228725935937064,COMPLETE
527,527,0.03847304731607437,2022-12-14 04:14:18.036676,2022-12-14 04:15:15.149776,0 days 00:00:57.113100,256,4,8.649619981994515,COMPLETE
528,528,0.061528246849775314,2022-12-14 04:15:15.176994,2022-12-14 04:16:20.833648,0 days 00:01:05.656654,256,4,10.511514945772566,COMPLETE
529,529,0.05102575197815895,2022-12-14 04:16:20.888218,2022-12-14 04:17:34.107552,0 days 00:01:13.219334,256,3,9.579180890264695,COMPLETE
530,530,0.04035849869251251,2022-12-14 04:17:34.137221,2022-12-14 04:18:40.255253,0 days 00:01:06.118032,256,4,6.449588098203761,COMPLETE
531,531,0.04220389574766159,2022-12-14 04:18:40.283677,2022-12-14 04:19:32.858264,0 days 00:00:52.574587,256,4,11.046106878460305,COMPLETE
532,532,0.03332658112049103,2022-12-14 04:19:32.886949,2022-12-14 04:20:24.745785,0 days 00:00:51.858836,256,4,8.270676250126856,COMPLETE
533,533,0.04339679330587387,2022-12-14 04:20:24.775590,2022-12-14 04:21:16.902058,0 days 00:00:52.126468,256,4,12.83651216579007,COMPLETE
534,534,0.06035275757312775,2022-12-14 04:21:16.929153,2022-12-14 04:22:08.973834,0 days 00:00:52.044681,256,4,69.63237156020648,COMPLETE
535,535,0.0550944060087204,2022-12-14 04:22:09.000963,2022-12-14 04:23:00.879882,0 days 00:00:51.878919,256,4,4.95044850490134,COMPLETE
536,536,0.03437628597021103,2022-12-14 04:23:00.905125,2022-12-14 04:23:52.476016,0 days 00:00:51.570891,256,4,9.568563732962241,COMPLETE
537,537,0.06068463623523712,2022-12-14 04:23:52.503247,2022-12-14 04:24:44.377566,0 days 00:00:51.874319,256,4,34.26146976236342,COMPLETE
538,538,0.038150519132614136,2022-12-14 04:24:44.405237,2022-12-14 04:25:36.065236,0 days 00:00:51.659999,256,4,6.891608626742915,COMPLETE
539,539,0.03477104753255844,2022-12-14 04:25:36.091859,2022-12-14 04:26:28.868115,0 days 00:00:52.776256,256,4,11.763631174836394,COMPLETE
540,540,0.03364749997854233,2022-12-14 04:26:28.894175,2022-12-14 04:27:23.183892,0 days 00:00:54.289717,256,4,8.561446803207831,COMPLETE
541,541,0.034901611506938934,2022-12-14 04:27:23.215866,2022-12-14 04:28:34.134946,0 days 00:01:10.919080,256,4,10.165546982361906,COMPLETE
542,542,0.050267141312360764,2022-12-14 04:28:34.189780,2022-12-14 04:29:37.798114,0 days 00:01:03.608334,256,4,25.350678787632464,COMPLETE
543,543,0.09466256946325302,2022-12-14 04:29:37.827006,2022-12-14 04:30:42.595288,0 days 00:01:04.768282,128,4,6.295307301380863,COMPLETE
544,544,0.03728124499320984,2022-12-14 04:30:42.622793,2022-12-14 04:31:34.982113,0 days 00:00:52.359320,256,3,8.115556367833927,COMPLETE
545,545,0.04533044248819351,2022-12-14 04:31:35.005911,2022-12-14 04:32:30.285147,0 days 00:00:55.279236,256,4,11.279487043282025,COMPLETE
546,546,0.2690121829509735,2022-12-14 04:32:30.311758,2022-12-14 04:33:20.750778,0 days 00:00:50.439020,256,2,9.58062276729961,COMPLETE
547,547,0.03594987094402313,2022-12-14 04:33:20.777151,2022-12-14 04:34:14.880004,0 days 00:00:54.102853,256,4,13.464041086930362,COMPLETE
548,548,0.09130100905895233,2022-12-14 04:34:14.906315,2022-12-14 04:35:10.861316,0 days 00:00:55.955001,256,4,3.6991987738182477,COMPLETE
549,549,0.03660650551319122,2022-12-14 04:35:10.885412,2022-12-14 04:36:06.327360,0 days 00:00:55.441948,256,4,7.196514099468727,COMPLETE
550,550,0.06083770468831062,2022-12-14 04:36:06.354711,2022-12-14 04:37:06.652537,0 days 00:01:00.297826,256,6,29.023711217977926,COMPLETE
551,551,0.06511322408914566,2022-12-14 04:37:06.679263,2022-12-14 04:38:05.525662,0 days 00:00:58.846399,256,5,43.021856023208514,COMPLETE
552,552,0.033654820173978806,2022-12-14 04:38:05.554622,2022-12-14 04:39:02.325227,0 days 00:00:56.770605,256,4,8.753597039794451,COMPLETE
553,553,0.05354907736182213,2022-12-14 04:39:02.354466,2022-12-14 04:40:18.104138,0 days 00:01:15.749672,256,4,10.949597876514206,COMPLETE
554,554,0.034541137516498566,2022-12-14 04:40:18.158788,2022-12-14 04:41:33.459945,0 days 00:01:15.301157,256,4,23.336316987088658,COMPLETE
555,555,0.03551433980464935,2022-12-14 04:41:33.491253,2022-12-14 04:42:26.570682,0 days 00:00:53.079429,256,4,9.756926995767408,COMPLETE
556,556,0.04528825730085373,2022-12-14 04:42:26.597399,2022-12-14 04:43:18.412598,0 days 00:00:51.815199,256,4,6.093019436718378,COMPLETE
557,557,0.03469720855355263,2022-12-14 04:43:18.439147,2022-12-14 04:44:10.334157,0 days 00:00:51.895010,256,4,7.612217118619975,COMPLETE
558,558,0.037738267332315445,2022-12-14 04:44:10.361204,2022-12-14 04:45:02.353530,0 days 00:00:51.992326,256,4,12.040540830324971,COMPLETE
559,559,0.03590540960431099,2022-12-14 04:45:02.380757,2022-12-14 04:45:54.216562,0 days 00:00:51.835805,256,4,14.654535216547739,COMPLETE
560,560,0.03324155509471893,2022-12-14 04:45:54.245350,2022-12-14 04:46:46.677990,0 days 00:00:52.432640,256,4,9.23754296625325,COMPLETE
561,561,0.04418475180864334,2022-12-14 04:46:46.704906,2022-12-14 04:47:38.235091,0 days 00:00:51.530185,256,4,20.32313556229213,COMPLETE
562,562,0.6264696717262268,2022-12-14 04:47:38.262377,2022-12-14 04:48:23.395383,0 days 00:00:45.133006,64,3,8.20508616524122,COMPLETE
563,563,0.034142352640628815,2022-12-14 04:48:23.424020,2022-12-14 04:49:16.492389,0 days 00:00:53.068369,256,4,10.610973790284628,COMPLETE
564,564,0.04946206137537956,2022-12-14 04:49:16.521512,2022-12-14 04:50:09.816261,0 days 00:00:53.294749,256,4,5.312936887672841,COMPLETE
565,565,0.03619445115327835,2022-12-14 04:50:09.844590,2022-12-14 04:51:04.218432,0 days 00:00:54.373842,256,4,12.968917709756731,COMPLETE
566,566,0.03787311166524887,2022-12-14 04:51:04.242624,2022-12-14 04:51:57.827387,0 days 00:00:53.584763,256,4,7.065029717308452,COMPLETE
567,567,0.035105518996715546,2022-12-14 04:51:57.856157,2022-12-14 04:52:51.792836,0 days 00:00:53.936679,256,4,9.92913517925107,COMPLETE
568,568,0.04044433310627937,2022-12-14 04:52:51.821860,2022-12-14 04:53:47.293571,0 days 00:00:55.471711,256,4,18.18824137126176,COMPLETE
569,569,0.03402618318796158,2022-12-14 04:53:47.317856,2022-12-14 04:54:45.885243,0 days 00:00:58.567387,256,4,8.746261262677137,COMPLETE
570,570,0.0464254654943943,2022-12-14 04:54:45.912053,2022-12-14 04:55:42.745799,0 days 00:00:56.833746,256,4,11.920700306145202,COMPLETE
571,571,0.03604505956172943,2022-12-14 04:55:42.774857,2022-12-14 04:56:40.487188,0 days 00:00:57.712331,256,4,7.846958156379006,COMPLETE
572,572,0.05992966890335083,2022-12-14 04:56:40.513876,2022-12-14 04:57:42.079302,0 days 00:01:01.565426,256,5,10.856984564813878,COMPLETE
573,573,0.042535651475191116,2022-12-14 04:57:42.109190,2022-12-14 04:58:40.984052,0 days 00:00:58.874862,256,4,22.14343783223003,COMPLETE
574,574,0.045079585164785385,2022-12-14 04:58:41.011534,2022-12-14 04:59:39.491690,0 days 00:00:58.480156,256,4,6.253746359791567,COMPLETE
575,575,0.035270027816295624,2022-12-14 04:59:39.519433,2022-12-14 05:00:38.235460,0 days 00:00:58.716027,256,4,9.588412284750175,COMPLETE
576,576,0.035427603870630264,2022-12-14 05:00:38.264815,2022-12-14 05:01:37.443177,0 days 00:00:59.178362,256,4,8.430128358930322,COMPLETE
577,577,0.05259455740451813,2022-12-14 05:01:37.471917,2022-12-14 05:02:35.665510,0 days 00:00:58.193593,256,4,11.045899608546254,COMPLETE
578,578,0.10440482199192047,2022-12-14 05:02:35.695194,2022-12-14 05:03:31.566807,0 days 00:00:55.871613,256,3,5.178233990318823,COMPLETE
579,579,0.037470944225788116,2022-12-14 05:03:31.594193,2022-12-14 05:04:29.641266,0 days 00:00:58.047073,256,4,7.2478052543849785,COMPLETE
580,580,0.03557884320616722,2022-12-14 05:04:29.667568,2022-12-14 05:05:26.278156,0 days 00:00:56.610588,256,4,9.459746304108675,COMPLETE
581,581,0.03632720559835434,2022-12-14 05:05:26.305152,2022-12-14 05:06:23.833740,0 days 00:00:57.528588,256,4,11.952547796522794,COMPLETE
582,582,0.03766139596700668,2022-12-14 05:06:23.862032,2022-12-14 05:07:20.114724,0 days 00:00:56.252692,256,4,17.394924140614563,COMPLETE
583,583,0.08448716253042221,2022-12-14 05:07:20.146187,2022-12-14 05:08:14.550024,0 days 00:00:54.403837,256,4,1.0799667794543888,COMPLETE
584,584,0.03366052359342575,2022-12-14 05:08:14.578740,2022-12-14 05:09:09.541422,0 days 00:00:54.962682,256,4,8.76681052151296,COMPLETE
585,585,0.055212169885635376,2022-12-14 05:09:09.570274,2022-12-14 05:10:03.352536,0 days 00:00:53.782262,256,4,10.296839366573147,COMPLETE
586,586,0.03668777272105217,2022-12-14 05:10:03.382071,2022-12-14 05:10:58.115142,0 days 00:00:54.733071,256,4,14.088905279608717,COMPLETE
587,587,0.04561943560838699,2022-12-14 05:10:58.141853,2022-12-14 05:11:49.880421,0 days 00:00:51.738568,192,4,6.393440410163165,COMPLETE
588,588,0.03668912500143051,2022-12-14 05:11:49.908198,2022-12-14 05:12:43.004202,0 days 00:00:53.096004,256,4,7.476509631637039,COMPLETE
589,589,0.08313189446926117,2022-12-14 05:12:43.031674,2022-12-14 05:13:38.335224,0 days 00:00:55.303550,256,5,3.398735468694576,COMPLETE
590,590,0.03369104117155075,2022-12-14 05:13:38.360678,2022-12-14 05:14:46.033866,0 days 00:01:07.673188,256,4,9.07155100036932,COMPLETE
591,591,0.043166205286979675,2022-12-14 05:14:46.095431,2022-12-14 05:15:55.014950,0 days 00:01:08.919519,256,4,12.894651451539826,COMPLETE
592,592,0.06112130358815193,2022-12-14 05:15:55.069416,2022-12-14 05:17:02.282313,0 days 00:01:07.212897,256,4,10.72227553109322,COMPLETE
593,593,0.07625994831323624,2022-12-14 05:17:02.323272,2022-12-14 05:18:09.027372,0 days 00:01:06.704100,256,4,63.05497243574443,COMPLETE
594,594,0.04242296889424324,2022-12-14 05:18:09.058501,2022-12-14 05:19:09.159910,0 days 00:01:00.101409,256,4,15.577063366917905,COMPLETE
595,595,0.07282754778862,2022-12-14 05:19:09.193119,2022-12-14 05:20:13.685527,0 days 00:01:04.492408,256,4,4.908055774211173,COMPLETE
596,596,0.034421734511852264,2022-12-14 05:20:13.713153,2022-12-14 05:21:10.490929,0 days 00:00:56.777776,256,4,7.935433484668014,COMPLETE
597,597,0.7081083059310913,2022-12-14 05:21:10.521077,2022-12-14 05:22:00.093448,0 days 00:00:49.572371,256,1,9.905898201811546,COMPLETE
598,598,0.03710334748029709,2022-12-14 05:22:00.120862,2022-12-14 05:22:57.057763,0 days 00:00:56.936901,256,3,6.464712636080918,COMPLETE
599,599,0.04577316716313362,2022-12-14 05:22:57.120525,2022-12-14 05:24:09.899321,0 days 00:01:12.778796,256,4,11.673436993071734,COMPLETE
600,600,0.03597322851419449,2022-12-14 05:24:09.936467,2022-12-14 05:25:27.055608,0 days 00:01:17.119141,256,4,8.505943657160884,COMPLETE
601,601,0.06763377040624619,2022-12-14 05:25:27.089495,2022-12-14 05:26:46.205290,0 days 00:01:19.115795,256,6,9.744127429864697,COMPLETE
602,602,0.03515487164258957,2022-12-14 05:26:46.235915,2022-12-14 05:27:43.777308,0 days 00:00:57.541393,256,4,7.511137669590313,COMPLETE
603,603,0.04860817268490791,2022-12-14 05:27:43.802942,2022-12-14 05:28:41.288003,0 days 00:00:57.485061,256,4,11.205811178221795,COMPLETE
604,604,0.03448805212974548,2022-12-14 05:28:41.315824,2022-12-14 05:29:38.282794,0 days 00:00:56.966970,256,4,12.787056906452424,COMPLETE
605,605,0.042027730494737625,2022-12-14 05:29:38.304999,2022-12-14 05:30:52.150858,0 days 00:01:13.845859,256,4,20.10680736815689,COMPLETE
606,606,0.034952979534864426,2022-12-14 05:30:52.178678,2022-12-14 05:32:09.497469,0 days 00:01:17.318791,256,4,8.701001703489563,COMPLETE
607,607,0.03955722227692604,2022-12-14 05:32:09.526936,2022-12-14 05:33:24.340212,0 days 00:01:14.813276,256,4,6.2998038846254465,COMPLETE
608,608,0.08925196528434753,2022-12-14 05:33:24.368120,2022-12-14 05:34:16.281462,0 days 00:00:51.913342,128,5,26.50802862068536,COMPLETE
609,609,0.03242472931742668,2022-12-14 05:34:16.307734,2022-12-14 05:35:12.204371,0 days 00:00:55.896637,256,4,9.985541851192233,COMPLETE
610,610,0.041199903935194016,2022-12-14 05:35:12.231521,2022-12-14 05:36:25.614463,0 days 00:01:13.382942,256,4,30.239094895735096,COMPLETE
611,611,0.03734423592686653,2022-12-14 05:36:25.644098,2022-12-14 05:37:39.339834,0 days 00:01:13.695736,256,4,10.451753499669946,COMPLETE
612,612,0.04383668303489685,2022-12-14 05:37:39.371330,2022-12-14 05:38:50.838047,0 days 00:01:11.466717,256,4,12.183872500944776,COMPLETE
613,613,0.04299300163984299,2022-12-14 05:38:50.866935,2022-12-14 05:39:41.272232,0 days 00:00:50.405297,256,3,14.484592922454848,COMPLETE
614,614,0.0342370830476284,2022-12-14 05:39:41.295502,2022-12-14 05:40:33.073462,0 days 00:00:51.777960,256,4,7.95267584728169,COMPLETE
615,615,0.03247138485312462,2022-12-14 05:40:33.101393,2022-12-14 05:41:25.234110,0 days 00:00:52.132717,256,4,9.701810458295204,COMPLETE
616,616,0.036827098578214645,2022-12-14 05:41:25.262423,2022-12-14 05:42:20.846144,0 days 00:00:55.583721,256,4,10.845065619236594,COMPLETE
617,617,0.03913060203194618,2022-12-14 05:42:20.894452,2022-12-14 05:43:26.577508,0 days 00:01:05.683056,256,4,13.336324677615215,COMPLETE
618,618,0.03438088670372963,2022-12-14 05:43:26.634231,2022-12-14 05:44:36.162088,0 days 00:01:09.527857,256,4,9.604136676455694,COMPLETE
619,619,0.05903688818216324,2022-12-14 05:44:36.218395,2022-12-14 05:45:45.837817,0 days 00:01:09.619422,256,4,24.653837312866198,COMPLETE
620,620,0.04979221895337105,2022-12-14 05:45:45.902893,2022-12-14 05:46:55.766834,0 days 00:01:09.863941,256,4,35.473467096686065,COMPLETE
621,621,0.04434356093406677,2022-12-14 05:46:55.813545,2022-12-14 05:48:07.169915,0 days 00:01:11.356370,256,4,12.012103036743682,COMPLETE
622,622,0.03438839316368103,2022-12-14 05:48:07.218926,2022-12-14 05:49:15.998812,0 days 00:01:08.779886,256,4,16.499128453239177,COMPLETE
623,623,0.03512287884950638,2022-12-14 05:49:16.048993,2022-12-14 05:50:22.119697,0 days 00:01:06.070704,256,4,10.22600508154931,COMPLETE
624,624,0.03392668068408966,2022-12-14 05:50:22.165444,2022-12-14 05:51:35.453690,0 days 00:01:13.288246,256,4,8.695070364968904,COMPLETE
625,625,0.08310918509960175,2022-12-14 05:51:35.506579,2022-12-14 05:52:49.678339,0 days 00:01:14.171760,256,4,4.850998864431832,COMPLETE
626,626,0.037881940603256226,2022-12-14 05:52:49.707356,2022-12-14 05:53:59.486062,0 days 00:01:09.778706,256,4,7.213972397004995,COMPLETE
627,627,0.0396384559571743,2022-12-14 05:53:59.513320,2022-12-14 05:55:02.814989,0 days 00:01:03.301669,256,4,21.765772189730438,COMPLETE
628,628,0.06165896728634834,2022-12-14 05:55:02.845114,2022-12-14 05:56:01.068882,0 days 00:00:58.223768,256,4,10.944078490178846,COMPLETE
629,629,0.050866756588220596,2022-12-14 05:56:01.096318,2022-12-14 05:56:55.464277,0 days 00:00:54.367959,256,3,9.677466361590492,COMPLETE
630,630,0.03510349243879318,2022-12-14 05:56:55.497642,2022-12-14 05:57:52.881752,0 days 00:00:57.384110,256,4,7.881639751271116,COMPLETE
631,631,0.036092761904001236,2022-12-14 05:57:52.912231,2022-12-14 05:58:49.652506,0 days 00:00:56.740275,256,4,11.48193599558537,COMPLETE
632,632,0.03792835772037506,2022-12-14 05:58:49.680919,2022-12-14 05:59:50.689823,0 days 00:01:01.008904,256,4,18.288724445058065,COMPLETE
