,number,value,datetime_start,datetime_complete,duration,params_dim_hidden,params_n_layers,params_w0,state
0,0,,2022-12-13 19:28:10.122150,2022-12-13 19:28:10.153635,0 days 00:00:00.031485,192,3,,FAIL
1,1,,2022-12-13 19:32:47.784355,2022-12-13 19:32:47.815213,0 days 00:00:00.030858,64,6,,FAIL
2,2,0.11760132759809494,2022-12-13 19:36:37.029311,2022-12-13 19:37:26.906455,0 days 00:00:49.877144,128,5,2.987123622840406,COMPLETE
3,3,0.4014874994754791,2022-12-13 19:37:26.933983,2022-12-13 19:38:13.562143,0 days 00:00:46.628160,128,2,60.74259454799483,COMPLETE
4,4,0.5567390322685242,2022-12-13 19:38:13.590475,2022-12-13 19:39:00.739950,0 days 00:00:47.149475,64,6,52.150337098473855,COMPLETE
5,5,0.08932856470346451,2022-12-13 19:39:00.765942,2022-12-13 19:39:49.960257,0 days 00:00:49.194315,128,6,57.352410835762356,COMPLETE
6,6,0.07979937642812729,2022-12-13 19:39:49.986163,2022-12-13 19:40:41.377667,0 days 00:00:51.391504,192,5,42.63201352852065,COMPLETE
7,7,0.0584544874727726,2022-12-13 19:40:41.405403,2022-12-13 19:41:36.176342,0 days 00:00:54.770939,256,5,18.50141791550134,COMPLETE
8,8,0.6011300086975098,2022-12-13 19:41:36.202705,2022-12-13 19:42:22.337559,0 days 00:00:46.134854,64,3,29.783489491638264,COMPLETE
9,9,0.20804433524608612,2022-12-13 19:42:22.361781,2022-12-13 19:43:09.574112,0 days 00:00:47.212331,128,3,7.336627556333202,COMPLETE
10,10,0.26617366075515747,2022-12-13 19:43:09.600452,2022-12-13 19:43:56.657260,0 days 00:00:47.056808,128,3,53.579457813114274,COMPLETE
11,11,0.5821059942245483,2022-12-13 19:43:56.685840,2022-12-13 19:44:42.351589,0 days 00:00:45.665749,64,5,28.64775025630721,COMPLETE
12,12,0.7536730170249939,2022-12-13 19:44:42.372923,2022-12-13 19:45:27.890217,0 days 00:00:45.517294,256,1,18.435906498309304,COMPLETE
13,13,0.05535134673118591,2022-12-13 19:45:27.914241,2022-12-13 19:46:23.327233,0 days 00:00:55.412992,256,5,43.788166342656744,COMPLETE
14,14,0.03145192191004753,2022-12-13 19:46:23.354047,2022-12-13 19:47:14.931855,0 days 00:00:51.577808,256,4,17.253082275847582,COMPLETE
15,15,0.06289549171924591,2022-12-13 19:47:14.956964,2022-12-13 19:48:05.036092,0 days 00:00:50.079128,256,4,41.07991838200571,COMPLETE
16,16,0.06543423980474472,2022-12-13 19:48:05.062382,2022-12-13 19:48:52.320252,0 days 00:00:47.257870,192,4,21.64708798770437,COMPLETE
17,17,0.08097348362207413,2022-12-13 19:48:52.341878,2022-12-13 19:49:38.955625,0 days 00:00:46.613747,192,4,69.95813789787576,COMPLETE
18,18,0.0822773426771164,2022-12-13 19:49:38.982909,2022-12-13 19:50:34.421686,0 days 00:00:55.438777,256,6,39.501741797752985,COMPLETE
19,19,0.3083866238594055,2022-12-13 19:50:34.442751,2022-12-13 19:51:17.817412,0 days 00:00:43.374661,192,2,9.180187783575542,COMPLETE
20,20,0.0376146025955677,2022-12-13 19:51:17.845189,2022-12-13 19:52:07.683382,0 days 00:00:49.838193,256,4,27.24021580284065,COMPLETE
21,21,0.18581128120422363,2022-12-13 19:52:07.710178,2022-12-13 19:52:53.023614,0 days 00:00:45.313436,256,2,29.544603742009357,COMPLETE
22,22,0.04531395062804222,2022-12-13 19:52:53.050340,2022-12-13 19:53:40.037773,0 days 00:00:46.987433,192,4,14.358242220375356,COMPLETE
23,23,0.054068673402071,2022-12-13 19:53:40.061930,2022-12-13 19:54:26.946061,0 days 00:00:46.884131,192,4,13.257678889278111,COMPLETE
24,24,0.047948338091373444,2022-12-13 19:54:26.974344,2022-12-13 19:55:17.410569,0 days 00:00:50.436225,256,4,24.234716012749285,COMPLETE
25,25,0.06386791914701462,2022-12-13 19:55:17.428755,2022-12-13 19:56:02.333668,0 days 00:00:44.904913,192,3,13.528222080004893,COMPLETE
26,26,0.06045934930443764,2022-12-13 19:56:02.358419,2022-12-13 19:56:51.537972,0 days 00:00:49.179553,256,4,34.97314339581196,COMPLETE
27,27,0.3005656898021698,2022-12-13 19:56:51.566025,2022-12-13 19:57:36.612430,0 days 00:00:45.046405,192,3,1.0365060951377245,COMPLETE
28,28,0.04765693098306656,2022-12-13 19:57:36.637422,2022-12-13 19:58:26.769942,0 days 00:00:50.132520,256,4,15.031983266310014,COMPLETE
29,29,0.08124641329050064,2022-12-13 19:58:26.796217,2022-12-13 19:59:17.799430,0 days 00:00:51.003213,192,5,24.406837139233097,COMPLETE
30,30,0.05677890405058861,2022-12-13 19:59:17.819093,2022-12-13 20:00:08.612391,0 days 00:00:50.793298,256,3,34.62240486488896,COMPLETE
31,31,0.050580039620399475,2022-12-13 20:00:08.639574,2022-12-13 20:00:59.654155,0 days 00:00:51.014581,192,4,5.848756777919295,COMPLETE
32,32,0.04313516616821289,2022-12-13 20:00:59.680689,2022-12-13 20:01:55.952105,0 days 00:00:56.271416,256,5,11.916024522149023,COMPLETE
33,33,0.04077252373099327,2022-12-13 20:01:55.976222,2022-12-13 20:02:52.260807,0 days 00:00:56.284585,256,5,12.721400821551082,COMPLETE
34,34,0.035617727786302567,2022-12-13 20:02:52.287100,2022-12-13 20:03:47.623350,0 days 00:00:55.336250,256,5,9.604826897883576,COMPLETE
35,35,0.08281619101762772,2022-12-13 20:03:47.653866,2022-12-13 20:04:45.260641,0 days 00:00:57.606775,256,6,4.415351217198014,COMPLETE
36,36,0.05280989781022072,2022-12-13 20:04:45.287751,2022-12-13 20:05:41.831267,0 days 00:00:56.543516,256,5,18.955464184347285,COMPLETE
37,37,0.0637671947479248,2022-12-13 20:05:41.856494,2022-12-13 20:06:40.510448,0 days 00:00:58.653954,256,6,9.107732169007496,COMPLETE
38,38,0.02693670056760311,2022-12-13 20:06:40.537615,2022-12-13 20:07:36.395677,0 days 00:00:55.858062,256,5,25.001078827782084,COMPLETE
39,39,0.054093241691589355,2022-12-13 20:07:36.423438,2022-12-13 20:08:31.436894,0 days 00:00:55.013456,256,5,23.578642159734834,COMPLETE
40,40,0.05145545303821564,2022-12-13 20:08:31.458648,2022-12-13 20:09:31.004437,0 days 00:00:59.545789,256,6,31.840114689928857,COMPLETE
41,41,0.0416158102452755,2022-12-13 20:09:31.031449,2022-12-13 20:10:25.830028,0 days 00:00:54.798579,256,5,27.398279176295834,COMPLETE
42,42,0.10359913110733032,2022-12-13 20:10:25.857146,2022-12-13 20:11:14.838701,0 days 00:00:48.981555,128,6,18.846471768127422,COMPLETE
43,43,0.060597244650125504,2022-12-13 20:11:14.867212,2022-12-13 20:12:09.735039,0 days 00:00:54.867827,256,5,16.839323948755446,COMPLETE
44,44,0.07048572599887848,2022-12-13 20:12:09.760205,2022-12-13 20:13:04.140100,0 days 00:00:54.379895,256,5,10.273157702689284,COMPLETE
45,45,0.043490491807460785,2022-12-13 20:13:04.165261,2022-12-13 20:13:56.829017,0 days 00:00:52.663756,256,5,20.785956989462772,COMPLETE
46,46,0.05393568426370621,2022-12-13 20:13:56.854127,2022-12-13 20:14:47.067140,0 days 00:00:50.213013,256,4,24.413882409081488,COMPLETE
47,47,0.5905824899673462,2022-12-13 20:14:47.094821,2022-12-13 20:15:30.908417,0 days 00:00:43.813596,64,5,26.74712433259957,COMPLETE
48,48,0.0718485563993454,2022-12-13 20:15:30.936456,2022-12-13 20:16:23.823256,0 days 00:00:52.886800,256,5,47.65618828707774,COMPLETE
49,49,0.07450296729803085,2022-12-13 20:16:23.848156,2022-12-13 20:17:18.799810,0 days 00:00:54.951654,256,6,31.93131421043789,COMPLETE
50,50,0.037011731415987015,2022-12-13 20:17:18.828374,2022-12-13 20:18:09.401946,0 days 00:00:50.573572,256,4,7.413559305224654,COMPLETE
51,51,0.04024028033018112,2022-12-13 20:18:09.427090,2022-12-13 20:19:11.889610,0 days 00:01:02.462520,192,3,7.512977013334101,COMPLETE
52,52,0.09063530713319778,2022-12-13 20:19:11.919436,2022-12-13 20:20:17.151990,0 days 00:01:05.232554,256,4,3.370126498006762,COMPLETE
53,53,0.28439629077911377,2022-12-13 20:20:17.176641,2022-12-13 20:21:17.278590,0 days 00:01:00.101949,192,2,6.906411871139419,COMPLETE
54,54,0.33189594745635986,2022-12-13 20:21:17.306130,2022-12-13 20:22:19.700787,0 days 00:01:02.394657,128,3,1.0087298119535255,COMPLETE
55,55,0.05984322354197502,2022-12-13 20:22:19.723975,2022-12-13 20:23:21.735386,0 days 00:01:02.011411,192,3,9.181199288128719,COMPLETE
56,56,0.7412827610969543,2022-12-13 20:23:21.763682,2022-12-13 20:24:21.382337,0 days 00:00:59.618655,256,1,16.3130876328353,COMPLETE
57,57,0.059891488403081894,2022-12-13 20:24:21.434660,2022-12-13 20:25:26.098366,0 days 00:01:04.663706,256,3,20.757291379681565,COMPLETE
58,58,0.046989262104034424,2022-12-13 20:25:26.142851,2022-12-13 20:26:35.146095,0 days 00:01:09.003244,192,4,6.781216567780988,COMPLETE
59,59,0.18971391022205353,2022-12-13 20:26:35.216085,2022-12-13 20:27:37.912365,0 days 00:01:02.696280,128,4,37.87768690051269,COMPLETE
60,60,0.053972337394952774,2022-12-13 20:27:37.939250,2022-12-13 20:28:45.807325,0 days 00:01:07.868075,256,3,11.354143540308469,COMPLETE
61,61,0.5763496160507202,2022-12-13 20:28:45.833945,2022-12-13 20:29:39.336350,0 days 00:00:53.502405,64,4,16.926905595050457,COMPLETE
62,62,0.07734791934490204,2022-12-13 20:29:39.362575,2022-12-13 20:30:35.526445,0 days 00:00:56.163870,192,4,4.480873396946823,COMPLETE
63,63,0.03737402707338333,2022-12-13 20:30:35.553339,2022-12-13 20:31:32.020834,0 days 00:00:56.467495,256,4,12.796807653368043,COMPLETE
64,64,0.045015592128038406,2022-12-13 20:31:32.048311,2022-12-13 20:32:29.080157,0 days 00:00:57.031846,256,4,15.003493843578626,COMPLETE
65,65,0.06898874044418335,2022-12-13 20:32:29.109880,2022-12-13 20:33:41.580621,0 days 00:01:12.470741,256,3,62.39395358767735,COMPLETE
66,66,0.0359344519674778,2022-12-13 20:33:41.632234,2022-12-13 20:34:55.680337,0 days 00:01:14.048103,256,4,7.5128314460667625,COMPLETE
67,67,0.03667676821351051,2022-12-13 20:34:55.703744,2022-12-13 20:36:01.232415,0 days 00:01:05.528671,256,4,10.284820839282514,COMPLETE
68,68,0.03304183483123779,2022-12-13 20:36:01.265183,2022-12-13 20:37:07.571588,0 days 00:01:06.306405,256,4,10.565621032921296,COMPLETE
69,69,0.033076755702495575,2022-12-13 20:37:07.594347,2022-12-13 20:38:05.726672,0 days 00:00:58.132325,256,4,9.082564891572268,COMPLETE
70,70,0.04646173119544983,2022-12-13 20:38:05.754066,2022-12-13 20:39:01.928730,0 days 00:00:56.174664,256,4,10.540188716448958,COMPLETE
71,71,0.0880131870508194,2022-12-13 20:39:01.956343,2022-12-13 20:40:00.517327,0 days 00:00:58.560984,256,5,4.620422177373566,COMPLETE
72,72,0.04010715335607529,2022-12-13 20:40:00.546677,2022-12-13 20:41:04.577604,0 days 00:01:04.030927,256,4,14.484632754721298,COMPLETE
73,73,0.03418044000864029,2022-12-13 20:41:04.631195,2022-12-13 20:42:17.233663,0 days 00:01:12.602468,256,4,8.887846665413043,COMPLETE
74,74,0.03407576307654381,2022-12-13 20:42:17.264182,2022-12-13 20:43:24.647027,0 days 00:01:07.382845,256,4,8.745681532264431,COMPLETE
75,75,0.03337759152054787,2022-12-13 20:43:24.673286,2022-12-13 20:44:29.395434,0 days 00:01:04.722148,256,4,8.724596131140101,COMPLETE
76,76,0.08918599784374237,2022-12-13 20:44:29.421231,2022-12-13 20:45:27.907817,0 days 00:00:58.486586,256,4,3.094272974418711,COMPLETE
77,77,0.04126625880599022,2022-12-13 20:45:27.935994,2022-12-13 20:46:24.420520,0 days 00:00:56.484526,256,5,12.181208697038068,COMPLETE
78,78,0.03347862884402275,2022-12-13 20:46:24.450166,2022-12-13 20:47:22.624043,0 days 00:00:58.173877,256,4,9.574216767519609,COMPLETE
79,79,0.04045766592025757,2022-12-13 20:47:22.725966,2022-12-13 20:48:32.516394,0 days 00:01:09.790428,256,4,17.455135484079776,COMPLETE
80,80,0.04432284086942673,2022-12-13 20:48:32.543996,2022-12-13 20:49:37.297826,0 days 00:01:04.753830,256,4,5.467627456759944,COMPLETE
81,81,0.0339527390897274,2022-12-13 20:49:37.399192,2022-12-13 20:50:47.521311,0 days 00:01:10.122119,256,4,8.58680779585396,COMPLETE
82,82,0.0843934640288353,2022-12-13 20:50:47.547104,2022-12-13 20:51:53.066998,0 days 00:01:05.519894,256,4,2.3400761529070904,COMPLETE
83,83,0.035188935697078705,2022-12-13 20:51:53.101024,2022-12-13 20:52:53.418500,0 days 00:01:00.317476,256,4,8.165280263536154,COMPLETE
84,84,0.03427315130829811,2022-12-13 20:52:53.445945,2022-12-13 20:53:48.887201,0 days 00:00:55.441256,256,4,13.762669767800245,COMPLETE
85,85,0.04071982949972153,2022-12-13 20:53:48.917285,2022-12-13 20:54:43.753487,0 days 00:00:54.836202,256,4,11.469811551570567,COMPLETE
86,86,0.0338863767683506,2022-12-13 20:54:43.778464,2022-12-13 20:55:36.478194,0 days 00:00:52.699730,256,4,19.61529036920553,COMPLETE
87,87,0.04935755953192711,2022-12-13 20:55:36.503299,2022-12-13 20:56:28.732709,0 days 00:00:52.229410,256,4,21.669506034272075,COMPLETE
88,88,0.032179687172174454,2022-12-13 20:56:28.760281,2022-12-13 20:57:28.884615,0 days 00:01:00.124334,256,3,19.497936310930665,COMPLETE
89,89,0.03923963010311127,2022-12-13 20:57:28.917172,2022-12-13 20:58:33.331940,0 days 00:01:04.414768,256,3,19.703638726650844,COMPLETE
90,90,0.15689417719841003,2022-12-13 20:58:33.350291,2022-12-13 20:59:36.508437,0 days 00:01:03.158146,256,2,23.419855890372204,COMPLETE
91,91,0.04006054997444153,2022-12-13 20:59:36.534137,2022-12-13 21:00:35.915214,0 days 00:00:59.381077,256,3,15.794034180987232,COMPLETE
92,92,0.04551783204078674,2022-12-13 21:00:35.941453,2022-12-13 21:01:29.597697,0 days 00:00:53.656244,256,3,22.70935516243609,COMPLETE
93,93,0.05216725170612335,2022-12-13 21:01:29.629675,2022-12-13 21:02:40.445581,0 days 00:01:10.815906,256,4,25.5867144622208,COMPLETE
94,94,0.040809571743011475,2022-12-13 21:02:40.491913,2022-12-13 21:03:53.314233,0 days 00:01:12.822320,256,4,18.05940734856441,COMPLETE
95,95,0.034278176724910736,2022-12-13 21:03:53.340694,2022-12-13 21:04:48.459894,0 days 00:00:55.119200,256,3,19.59506111527365,COMPLETE
96,96,0.045243192464113235,2022-12-13 21:04:48.482485,2022-12-13 21:05:44.781030,0 days 00:00:56.298545,256,4,6.0243735011195705,COMPLETE
97,97,0.03718991577625275,2022-12-13 21:05:44.807505,2022-12-13 21:06:56.289071,0 days 00:01:11.481566,256,4,12.921427297530254,COMPLETE
98,98,0.03987466171383858,2022-12-13 21:06:56.338637,2022-12-13 21:08:05.947068,0 days 00:01:09.608431,256,3,14.621499922757373,COMPLETE
99,99,0.052389807999134064,2022-12-13 21:08:05.975839,2022-12-13 21:09:04.737669,0 days 00:00:58.761830,256,5,10.582764416402766,COMPLETE
100,100,0.03985375538468361,2022-12-13 21:09:04.767766,2022-12-13 21:10:13.882301,0 days 00:01:09.114535,256,4,21.71315993837046,COMPLETE
101,101,0.03584977611899376,2022-12-13 21:10:13.955193,2022-12-13 21:11:28.862973,0 days 00:01:14.907780,256,4,16.3439089188009,COMPLETE
102,102,0.0587940514087677,2022-12-13 21:11:28.889446,2022-12-13 21:12:24.009748,0 days 00:00:55.120302,256,3,9.02616113484102,COMPLETE
103,103,0.03451613336801529,2022-12-13 21:12:24.041325,2022-12-13 21:13:37.606798,0 days 00:01:13.565473,256,4,9.329836712760802,COMPLETE
104,104,0.03397979959845543,2022-12-13 21:13:37.638832,2022-12-13 21:14:44.115533,0 days 00:01:06.476701,256,4,8.308411314607957,COMPLETE
105,105,0.0355353057384491,2022-12-13 21:14:44.141727,2022-12-13 21:15:42.593950,0 days 00:00:58.452223,256,4,11.716590072866804,COMPLETE
106,106,0.05711159110069275,2022-12-13 21:15:42.663230,2022-12-13 21:16:53.460900,0 days 00:01:10.797670,256,4,28.97816306182211,COMPLETE
107,107,0.03954869881272316,2022-12-13 21:16:53.486036,2022-12-13 21:17:56.244215,0 days 00:01:02.758179,256,4,6.023685788094504,COMPLETE
108,108,0.07356691360473633,2022-12-13 21:17:56.271444,2022-12-13 21:18:52.335706,0 days 00:00:56.064262,256,5,30.91975999467146,COMPLETE
109,109,0.0897735059261322,2022-12-13 21:18:52.361624,2022-12-13 21:19:45.779890,0 days 00:00:53.418266,256,4,3.288172987612917,COMPLETE
110,110,0.03581426292657852,2022-12-13 21:19:45.806348,2022-12-13 21:20:40.868046,0 days 00:00:55.061698,256,4,7.632136256708365,COMPLETE
111,111,0.05363988131284714,2022-12-13 21:20:40.895408,2022-12-13 21:21:34.640937,0 days 00:00:53.745529,256,4,5.2320698261285905,COMPLETE
112,112,0.26023343205451965,2022-12-13 21:21:34.667481,2022-12-13 21:22:24.256095,0 days 00:00:49.588614,256,2,15.686904252539259,COMPLETE
113,113,0.03648141399025917,2022-12-13 21:22:24.284059,2022-12-13 21:23:31.060182,0 days 00:01:06.776123,256,4,8.475150793814942,COMPLETE
114,114,0.04234243184328079,2022-12-13 21:23:31.092796,2022-12-13 21:24:40.513569,0 days 00:01:09.420773,256,4,13.834896891302945,COMPLETE
115,115,0.05824878066778183,2022-12-13 21:24:40.560466,2022-12-13 21:25:44.873738,0 days 00:01:04.313272,256,4,10.612679144720236,COMPLETE
116,116,0.05475214496254921,2022-12-13 21:25:44.898224,2022-12-13 21:26:39.769228,0 days 00:00:54.871004,256,4,12.110270459998164,COMPLETE
117,117,0.0835825577378273,2022-12-13 21:26:39.800045,2022-12-13 21:27:32.518920,0 days 00:00:52.718875,256,4,1.998716231395397,COMPLETE
118,118,0.0938350260257721,2022-12-13 21:27:32.545597,2022-12-13 21:28:26.758433,0 days 00:00:54.212836,256,4,3.949645665164664,COMPLETE
119,119,0.040661152452230453,2022-12-13 21:28:26.788205,2022-12-13 21:29:22.820907,0 days 00:00:56.032702,256,4,6.468506234258408,COMPLETE
120,120,0.07859586179256439,2022-12-13 21:29:22.848866,2022-12-13 21:30:30.572174,0 days 00:01:07.723308,256,5,9.684631073018098,COMPLETE
121,121,0.04122248664498329,2022-12-13 21:30:30.621573,2022-12-13 21:31:42.541720,0 days 00:01:11.920147,256,3,13.224311508965316,COMPLETE
122,122,0.05049419403076172,2022-12-13 21:31:42.590585,2022-12-13 21:32:57.070670,0 days 00:01:14.480085,256,4,18.19694794254276,COMPLETE
123,123,0.039315592497587204,2022-12-13 21:32:57.097820,2022-12-13 21:33:54.396882,0 days 00:00:57.299062,256,4,14.275390801722752,COMPLETE
124,124,0.03482019901275635,2022-12-13 21:33:54.421885,2022-12-13 21:35:05.111026,0 days 00:01:10.689141,256,4,8.880132033914416,COMPLETE
125,125,0.03993810713291168,2022-12-13 21:35:05.138015,2022-12-13 21:36:16.924801,0 days 00:01:11.786786,256,4,11.453207130790394,COMPLETE
126,126,0.037084147334098816,2022-12-13 21:36:16.952863,2022-12-13 21:37:25.176535,0 days 00:01:08.223672,256,4,19.922744166045533,COMPLETE
127,127,0.03521027788519859,2022-12-13 21:37:25.201171,2022-12-13 21:38:20.989088,0 days 00:00:55.787917,256,4,16.815788176397202,COMPLETE
128,128,0.03815712779760361,2022-12-13 21:38:21.013803,2022-12-13 21:39:16.309834,0 days 00:00:55.296031,256,4,7.230285456308229,COMPLETE
129,129,0.11678300052881241,2022-12-13 21:39:16.337187,2022-12-13 21:40:28.195565,0 days 00:01:11.858378,128,4,13.286455086274643,COMPLETE
130,130,0.0543285571038723,2022-12-13 21:40:28.227976,2022-12-13 21:41:27.640094,0 days 00:00:59.412118,256,3,11.349916761325826,COMPLETE
131,131,0.0643770694732666,2022-12-13 21:41:27.665959,2022-12-13 21:42:44.127888,0 days 00:01:16.461929,256,5,45.778997490248514,COMPLETE
132,132,0.5433973670005798,2022-12-13 21:42:44.156169,2022-12-13 21:43:35.389254,0 days 00:00:51.233085,64,4,15.2330846240582,COMPLETE
133,133,0.04833777993917465,2022-12-13 21:43:35.418097,2022-12-13 21:44:46.424755,0 days 00:01:11.006658,256,3,18.92223851086397,COMPLETE
134,134,0.0392952524125576,2022-12-13 21:44:46.455015,2022-12-13 21:45:57.665304,0 days 00:01:11.210289,256,3,19.451369193161536,COMPLETE
135,135,0.05628645420074463,2022-12-13 21:45:57.691785,2022-12-13 21:46:48.671879,0 days 00:00:50.980094,256,3,21.79409896301653,COMPLETE
136,136,0.03233778849244118,2022-12-13 21:46:48.699264,2022-12-13 21:47:40.555313,0 days 00:00:51.856049,256,4,8.466210360066873,COMPLETE
137,137,0.03356705605983734,2022-12-13 21:47:40.580705,2022-12-13 21:48:31.776792,0 days 00:00:51.196087,256,4,8.891541434445722,COMPLETE
138,138,0.034685149788856506,2022-12-13 21:48:31.803798,2022-12-13 21:49:23.084944,0 days 00:00:51.281146,256,4,8.123186039890811,COMPLETE
139,139,0.04854239150881767,2022-12-13 21:49:23.110683,2022-12-13 21:50:14.724932,0 days 00:00:51.614249,256,4,5.434657420707028,COMPLETE
140,140,0.03348459303379059,2022-12-13 21:50:14.749825,2022-12-13 21:51:06.448459,0 days 00:00:51.698634,256,4,9.733220952935268,COMPLETE
141,141,0.03407655283808708,2022-12-13 21:51:06.474305,2022-12-13 21:51:57.614805,0 days 00:00:51.140500,256,4,25.515875568533055,COMPLETE
142,142,0.05363303795456886,2022-12-13 21:51:57.642664,2022-12-13 21:52:49.651913,0 days 00:00:52.009249,256,4,10.426465478655189,COMPLETE
143,143,0.05634894594550133,2022-12-13 21:52:49.682979,2022-12-13 21:53:59.994309,0 days 00:01:10.311330,256,4,26.011978933934714,COMPLETE
144,144,0.05425863713026047,2022-12-13 21:54:00.022994,2022-12-13 21:55:07.753274,0 days 00:01:07.730280,256,4,25.04439041900718,COMPLETE
145,145,0.061573565006256104,2022-12-13 21:55:07.783936,2022-12-13 21:56:14.127319,0 days 00:01:06.343383,256,4,36.76375745261094,COMPLETE
146,146,0.03910084068775177,2022-12-13 21:56:14.159977,2022-12-13 21:57:09.004506,0 days 00:00:54.844529,256,4,6.924264415344606,COMPLETE
147,147,0.03467884287238121,2022-12-13 21:57:09.029675,2022-12-13 21:58:16.450985,0 days 00:01:07.421310,256,4,10.089696707093875,COMPLETE
148,148,0.06203961372375488,2022-12-13 21:58:16.481553,2022-12-13 21:59:11.248143,0 days 00:00:54.766590,256,4,4.850906213044961,COMPLETE
149,149,0.035902805626392365,2022-12-13 21:59:11.273932,2022-12-13 22:00:19.975564,0 days 00:01:08.701632,256,4,7.743346646176512,COMPLETE
150,150,0.06862376630306244,2022-12-13 22:00:20.004127,2022-12-13 22:01:30.696354,0 days 00:01:10.692227,256,4,56.630227739271284,COMPLETE
151,151,0.05804409459233284,2022-12-13 22:01:30.722885,2022-12-13 22:02:31.465236,0 days 00:01:00.742351,256,4,22.960974104828843,COMPLETE
152,152,0.061835743486881256,2022-12-13 22:02:31.512507,2022-12-13 22:03:47.343277,0 days 00:01:15.830770,256,4,32.61701347080577,COMPLETE
153,153,0.03276226669549942,2022-12-13 22:03:47.390834,2022-12-13 22:05:00.911919,0 days 00:01:13.521085,256,4,9.065117646891649,COMPLETE
154,154,0.05621164292097092,2022-12-13 22:05:00.940325,2022-12-13 22:05:56.813313,0 days 00:00:55.872988,256,4,28.127177342453056,COMPLETE
155,155,0.033808011561632156,2022-12-13 22:05:56.838774,2022-12-13 22:07:05.202496,0 days 00:01:08.363722,256,4,8.712048462698318,COMPLETE
156,156,0.03527458757162094,2022-12-13 22:07:05.229336,2022-12-13 22:08:09.454454,0 days 00:01:04.225118,256,4,9.075116706035509,COMPLETE
157,157,0.04115152731537819,2022-12-13 22:08:09.482340,2022-12-13 22:09:11.955373,0 days 00:01:02.473033,256,4,6.2260014723193216,COMPLETE
158,158,0.03469794616103172,2022-12-13 22:09:11.980821,2022-12-13 22:10:10.817730,0 days 00:00:58.836909,256,4,9.989932668722622,COMPLETE
