,number,value,datetime_start,datetime_complete,duration,params_dim_hidden,params_n_layers,params_w0,state
633,633,0.032676905393600464,2022-12-14 05:59:50.744160,2022-12-14 06:01:04.970297,0 days 00:01:14.226137,256,4,9.081506656921295,COMPLETE
634,634,0.047742199152708054,2022-12-14 06:01:05.026260,2022-12-14 06:02:19.858199,0 days 00:01:14.831939,192,4,6.277321212770554,COMPLETE
635,635,0.03623746335506439,2022-12-14 06:02:19.892157,2022-12-14 06:03:26.161914,0 days 00:01:06.269757,256,5,8.549945634386642,COMPLETE
636,636,0.03820434957742691,2022-12-14 06:03:26.188199,2022-12-14 06:04:38.544790,0 days 00:01:12.356591,256,4,6.882239950199104,COMPLETE
637,637,0.03382798284292221,2022-12-14 06:04:38.576100,2022-12-14 06:05:38.834509,0 days 00:01:00.258409,256,4,9.448046984308041,COMPLETE
638,638,0.05036819726228714,2022-12-14 06:05:38.864382,2022-12-14 06:06:34.888716,0 days 00:00:56.024334,256,4,31.696785918986702,COMPLETE
639,639,0.03528836369514465,2022-12-14 06:06:34.917410,2022-12-14 06:07:28.680746,0 days 00:00:53.763336,256,4,13.052018450174334,COMPLETE
640,640,0.03345588594675064,2022-12-14 06:07:28.709372,2022-12-14 06:08:22.728100,0 days 00:00:54.018728,256,4,10.258091569483474,COMPLETE
641,641,0.153501495718956,2022-12-14 06:08:22.759670,2022-12-14 06:09:28.058122,0 days 00:01:05.298452,256,2,4.633030536766028,COMPLETE
642,642,0.03493023291230202,2022-12-14 06:09:28.086516,2022-12-14 06:10:38.373092,0 days 00:01:10.286576,256,4,7.725814960286411,COMPLETE
643,643,0.04901445284485817,2022-12-14 06:10:38.394416,2022-12-14 06:11:46.560503,0 days 00:01:08.166087,256,4,11.474016749596617,COMPLETE
644,644,0.03600240498781204,2022-12-14 06:11:46.584914,2022-12-14 06:12:46.456362,0 days 00:00:59.871448,256,3,9.100175619454443,COMPLETE
645,645,0.042883917689323425,2022-12-14 06:12:46.492048,2022-12-14 06:13:51.172729,0 days 00:01:04.680681,256,4,5.870186760456984,COMPLETE
646,646,0.03491896763443947,2022-12-14 06:13:51.201257,2022-12-14 06:14:46.647389,0 days 00:00:55.446132,256,4,8.616405671107712,COMPLETE
647,647,0.04406273737549782,2022-12-14 06:14:46.669684,2022-12-14 06:15:40.158124,0 days 00:00:53.488440,256,4,10.439202440959367,COMPLETE
648,648,0.08811771124601364,2022-12-14 06:15:40.186700,2022-12-14 06:16:28.690867,0 days 00:00:48.504167,128,4,7.379158196721017,COMPLETE
649,649,0.046096764504909515,2022-12-14 06:16:28.720055,2022-12-14 06:17:40.153339,0 days 00:01:11.433284,256,5,12.368834689142254,COMPLETE
650,650,0.04329291358590126,2022-12-14 06:17:40.206829,2022-12-14 06:18:51.182933,0 days 00:01:10.976104,256,4,15.402537409257203,COMPLETE
651,651,0.03351091966032982,2022-12-14 06:18:51.214766,2022-12-14 06:19:57.002435,0 days 00:01:05.787669,256,4,9.588536124925291,COMPLETE
652,652,0.04163668304681778,2022-12-14 06:19:57.032153,2022-12-14 06:21:06.247304,0 days 00:01:09.215151,256,4,5.978498604689438,COMPLETE
653,653,0.05876973271369934,2022-12-14 06:21:06.283518,2022-12-14 06:22:21.199518,0 days 00:01:14.916000,256,4,19.96542450007315,COMPLETE
654,654,0.03597778081893921,2022-12-14 06:22:21.230146,2022-12-14 06:23:29.849730,0 days 00:01:08.619584,256,4,7.7927433654607166,COMPLETE
655,655,0.4773806035518646,2022-12-14 06:23:29.882451,2022-12-14 06:24:22.396007,0 days 00:00:52.513556,64,6,13.95756975092571,COMPLETE
656,656,0.0659133791923523,2022-12-14 06:24:22.420952,2022-12-14 06:25:31.265049,0 days 00:01:08.844097,256,4,51.24326171710758,COMPLETE
657,657,0.03571736812591553,2022-12-14 06:25:31.292014,2022-12-14 06:26:43.978657,0 days 00:01:12.686643,256,4,10.868613607105171,COMPLETE
658,658,0.032944194972515106,2022-12-14 06:26:44.029217,2022-12-14 06:27:50.847044,0 days 00:01:06.817827,256,4,23.524179860587694,COMPLETE
659,659,0.04287739098072052,2022-12-14 06:27:50.879660,2022-12-14 06:28:47.833299,0 days 00:00:56.953639,192,4,8.627097408495494,COMPLETE
660,660,0.040944334119558334,2022-12-14 06:28:47.886537,2022-12-14 06:30:02.893936,0 days 00:01:15.007399,256,4,11.626169316966676,COMPLETE
661,661,0.0357198491692543,2022-12-14 06:30:02.946087,2022-12-14 06:31:15.330514,0 days 00:01:12.384427,256,4,9.966687990373197,COMPLETE
662,662,0.03752486780285835,2022-12-14 06:31:15.359835,2022-12-14 06:32:11.956008,0 days 00:00:56.596173,256,4,6.864302150594651,COMPLETE
663,663,0.03333978354930878,2022-12-14 06:32:11.988470,2022-12-14 06:33:21.653968,0 days 00:01:09.665498,256,4,8.635578705500393,COMPLETE
664,664,0.09170158207416534,2022-12-14 06:33:21.710062,2022-12-14 06:34:38.729279,0 days 00:01:17.019217,256,4,3.362637928900938,COMPLETE
665,665,0.061927761882543564,2022-12-14 06:34:38.782785,2022-12-14 06:35:36.439474,0 days 00:00:57.656689,256,4,45.723591803223954,COMPLETE
666,666,0.036053117364645004,2022-12-14 06:35:36.467654,2022-12-14 06:36:29.642339,0 days 00:00:53.174685,256,4,12.600637210506125,COMPLETE
667,667,0.03329464793205261,2022-12-14 06:36:29.673275,2022-12-14 06:37:22.603441,0 days 00:00:52.930166,256,4,9.958805441613906,COMPLETE
668,668,0.03707662597298622,2022-12-14 06:37:22.633088,2022-12-14 06:38:14.564807,0 days 00:00:51.931719,256,4,17.005571375480258,COMPLETE
669,669,0.05555190518498421,2022-12-14 06:38:14.592057,2022-12-14 06:39:06.577676,0 days 00:00:51.985619,256,4,5.623332040266758,COMPLETE
670,670,0.03840242326259613,2022-12-14 06:39:06.604342,2022-12-14 06:39:56.809334,0 days 00:00:50.204992,256,3,7.390870882571734,COMPLETE
671,671,0.045646220445632935,2022-12-14 06:39:56.835939,2022-12-14 06:40:48.766718,0 days 00:00:51.930779,256,4,10.963597295800716,COMPLETE
672,672,0.23945322632789612,2022-12-14 06:40:48.794777,2022-12-14 06:41:36.456568,0 days 00:00:47.661791,256,2,8.970851916056144,COMPLETE
673,673,0.03489705175161362,2022-12-14 06:41:36.483922,2022-12-14 06:42:31.077942,0 days 00:00:54.594020,256,4,7.1994236109991245,COMPLETE
674,674,0.0352640263736248,2022-12-14 06:42:31.105996,2022-12-14 06:43:28.033089,0 days 00:00:56.927093,256,5,8.753417489971216,COMPLETE
675,675,0.05759426951408386,2022-12-14 06:43:28.058889,2022-12-14 06:44:22.693991,0 days 00:00:54.635102,256,4,21.51681656262056,COMPLETE
676,676,0.03333057835698128,2022-12-14 06:44:22.722527,2022-12-14 06:45:17.066431,0 days 00:00:54.343904,256,4,13.889267190848196,COMPLETE
677,677,0.06744629144668579,2022-12-14 06:45:17.093443,2022-12-14 06:46:13.174698,0 days 00:00:56.081255,256,4,11.174373484511772,COMPLETE
678,678,0.03481997177004814,2022-12-14 06:46:13.202502,2022-12-14 06:47:23.168510,0 days 00:01:09.966008,256,4,9.878424114960714,COMPLETE
679,679,0.05961555987596512,2022-12-14 06:47:23.199077,2022-12-14 06:48:34.045446,0 days 00:01:10.846369,256,4,4.87537971379729,COMPLETE
680,680,0.03429967537522316,2022-12-14 06:48:34.097766,2022-12-14 06:49:50.521428,0 days 00:01:16.423662,256,4,8.240165240683588,COMPLETE
681,681,0.044780656695365906,2022-12-14 06:49:50.572238,2022-12-14 06:50:50.533307,0 days 00:00:59.961069,256,4,12.50490744638034,COMPLETE
682,682,0.04074487462639809,2022-12-14 06:50:50.561613,2022-12-14 06:51:47.894387,0 days 00:00:57.332774,256,4,6.735621968661798,COMPLETE
683,683,0.035344503819942474,2022-12-14 06:51:47.926268,2022-12-14 06:52:46.517957,0 days 00:00:58.591689,256,4,10.137083407005028,COMPLETE
684,684,0.03461974114179611,2022-12-14 06:52:46.546966,2022-12-14 06:53:42.405677,0 days 00:00:55.858711,256,4,7.957453299608572,COMPLETE
685,685,0.04753275215625763,2022-12-14 06:53:42.435997,2022-12-14 06:54:37.095971,0 days 00:00:54.659974,256,3,11.064291520040221,COMPLETE
686,686,0.031903501600027084,2022-12-14 06:54:37.123646,2022-12-14 06:55:49.373796,0 days 00:01:12.250150,256,4,9.3119420176406,COMPLETE
687,687,0.0350307933986187,2022-12-14 06:55:49.399497,2022-12-14 06:57:03.772412,0 days 00:01:14.372915,256,4,9.212709845251858,COMPLETE
688,688,0.042795803397893906,2022-12-14 06:57:03.803892,2022-12-14 06:58:17.569258,0 days 00:01:13.765366,256,4,18.161521135448858,COMPLETE
689,689,0.04389668628573418,2022-12-14 06:58:17.606272,2022-12-14 06:59:16.028156,0 days 00:00:58.421884,256,4,5.932673969550479,COMPLETE
690,690,0.03646142780780792,2022-12-14 06:59:16.055664,2022-12-14 07:00:18.817881,0 days 00:01:02.762217,256,4,12.072090949271203,COMPLETE
691,691,0.04224017262458801,2022-12-14 07:00:18.868830,2022-12-14 07:01:28.682364,0 days 00:01:09.813534,256,4,19.627070582698945,COMPLETE
692,692,0.03435423597693443,2022-12-14 07:01:28.745554,2022-12-14 07:02:39.498693,0 days 00:01:10.753139,256,4,7.521863636453047,COMPLETE
693,693,0.03214551508426666,2022-12-14 07:02:39.530271,2022-12-14 07:03:48.450529,0 days 00:01:08.920258,256,4,9.584578914431816,COMPLETE
694,694,0.04489242658019066,2022-12-14 07:03:48.482085,2022-12-14 07:04:41.997103,0 days 00:00:53.515018,256,4,14.885938693168377,COMPLETE
695,695,0.04735031723976135,2022-12-14 07:04:42.022382,2022-12-14 07:05:51.730439,0 days 00:01:09.708057,256,4,10.426758001888679,COMPLETE
696,696,0.04028128460049629,2022-12-14 07:05:51.756769,2022-12-14 07:07:07.114361,0 days 00:01:15.357592,256,5,11.653241502301059,COMPLETE
697,697,0.0333910807967186,2022-12-14 07:07:07.167841,2022-12-14 07:08:14.952809,0 days 00:01:07.784968,256,4,9.267714466977367,COMPLETE
698,698,0.04513190686702728,2022-12-14 07:08:14.978439,2022-12-14 07:09:07.696535,0 days 00:00:52.718096,256,4,13.49854119765555,COMPLETE
699,699,0.0344729982316494,2022-12-14 07:09:07.724375,2022-12-14 07:09:59.641977,0 days 00:00:51.917602,256,4,7.9937224261605175,COMPLETE
700,700,0.05476510897278786,2022-12-14 07:09:59.665473,2022-12-14 07:10:55.361448,0 days 00:00:55.695975,256,3,9.924958894325435,COMPLETE
701,701,0.09205439686775208,2022-12-14 07:10:55.412707,2022-12-14 07:12:05.724582,0 days 00:01:10.311875,256,4,4.559825356167646,COMPLETE
702,702,0.04819825291633606,2022-12-14 07:12:05.775214,2022-12-14 07:13:10.838760,0 days 00:01:05.063546,192,4,6.743825708285147,COMPLETE
703,703,0.04057301953434944,2022-12-14 07:13:10.909360,2022-12-14 07:14:18.991231,0 days 00:01:08.081871,256,4,11.06186088128182,COMPLETE
704,704,0.03512059897184372,2022-12-14 07:14:19.039284,2022-12-14 07:15:26.673914,0 days 00:01:07.634630,256,4,8.666231295121685,COMPLETE
705,705,0.04011067748069763,2022-12-14 07:15:26.721795,2022-12-14 07:16:40.683038,0 days 00:01:13.961243,256,4,12.685566573074825,COMPLETE
706,706,0.03896103426814079,2022-12-14 07:16:40.736804,2022-12-14 07:17:54.972731,0 days 00:01:14.235927,256,4,10.262471324608935,COMPLETE
707,707,0.04110388085246086,2022-12-14 07:17:55.007167,2022-12-14 07:19:07.571195,0 days 00:01:12.564028,256,4,6.0117576464857,COMPLETE
708,708,0.03552192449569702,2022-12-14 07:19:07.603785,2022-12-14 07:20:19.062902,0 days 00:01:11.459117,256,4,8.214636927024483,COMPLETE
709,709,0.051349956542253494,2022-12-14 07:20:19.097279,2022-12-14 07:21:33.746708,0 days 00:01:14.649429,256,4,22.85315519673542,COMPLETE
710,710,0.05685946345329285,2022-12-14 07:21:33.802882,2022-12-14 07:22:41.041654,0 days 00:01:07.238772,256,4,20.931632240494913,COMPLETE
711,711,0.033215105533599854,2022-12-14 07:22:41.072814,2022-12-14 07:23:44.212918,0 days 00:01:03.140104,256,4,9.692802181324002,COMPLETE
712,712,0.04473913088440895,2022-12-14 07:23:44.235480,2022-12-14 07:24:42.096450,0 days 00:00:57.860970,256,4,15.952335232011901,COMPLETE
713,713,0.048222657293081284,2022-12-14 07:24:42.124563,2022-12-14 07:25:35.847905,0 days 00:00:53.723342,256,3,11.704856623998612,COMPLETE
714,714,0.03640717267990112,2022-12-14 07:25:35.875689,2022-12-14 07:26:46.822155,0 days 00:01:10.946466,256,4,7.2157155944355456,COMPLETE
715,715,0.033245641738176346,2022-12-14 07:26:46.852744,2022-12-14 07:27:59.044685,0 days 00:01:12.191941,256,4,8.965479239085655,COMPLETE
716,716,0.09265698492527008,2022-12-14 07:27:59.070776,2022-12-14 07:29:10.169260,0 days 00:01:11.098484,256,4,3.624349282577267,COMPLETE
717,717,0.04783128574490547,2022-12-14 07:29:10.197080,2022-12-14 07:30:17.267639,0 days 00:01:07.070559,256,4,10.718204048809005,COMPLETE
718,718,0.037322256714105606,2022-12-14 07:30:17.300468,2022-12-14 07:31:25.053535,0 days 00:01:07.753067,256,5,7.813366780802813,COMPLETE
719,719,0.03743138164281845,2022-12-14 07:31:25.085745,2022-12-14 07:32:21.655298,0 days 00:00:56.569553,256,4,13.34718585724072,COMPLETE
720,720,0.042767107486724854,2022-12-14 07:32:21.688207,2022-12-14 07:33:18.050273,0 days 00:00:56.362066,256,4,5.966184288690472,COMPLETE
721,721,0.03320407122373581,2022-12-14 07:33:18.073598,2022-12-14 07:34:12.951088,0 days 00:00:54.877490,256,4,9.488198819190293,COMPLETE
722,722,0.044251948595047,2022-12-14 07:34:12.979664,2022-12-14 07:35:22.697958,0 days 00:01:09.718294,256,4,11.739892959591748,COMPLETE
723,723,0.048350218683481216,2022-12-14 07:35:22.747833,2022-12-14 07:36:32.207191,0 days 00:01:09.459358,256,4,18.796736346677157,COMPLETE
724,724,0.03455634042620659,2022-12-14 07:36:32.254148,2022-12-14 07:37:40.594341,0 days 00:01:08.340193,256,4,8.295960818426703,COMPLETE
725,725,0.052703991532325745,2022-12-14 07:37:40.624144,2022-12-14 07:38:42.313144,0 days 00:01:01.689000,256,4,10.669015454277613,COMPLETE
726,726,0.03820062428712845,2022-12-14 07:38:42.340134,2022-12-14 07:39:43.558189,0 days 00:01:01.218055,256,6,6.850285510948952,COMPLETE
727,727,0.1219475194811821,2022-12-14 07:39:43.586051,2022-12-14 07:40:32.752426,0 days 00:00:49.166375,128,4,9.434050188356538,COMPLETE
728,728,0.048560164868831635,2022-12-14 07:40:32.781759,2022-12-14 07:41:37.150160,0 days 00:01:04.368401,256,4,5.156054020151654,COMPLETE
729,729,0.03414914757013321,2022-12-14 07:41:37.177699,2022-12-14 07:42:47.846159,0 days 00:01:10.668460,256,4,7.763181582804741,COMPLETE
730,730,0.0578560009598732,2022-12-14 07:42:47.901607,2022-12-14 07:43:55.078458,0 days 00:01:07.176851,256,3,28.718319469615572,COMPLETE
731,731,0.033442649990320206,2022-12-14 07:43:55.150688,2022-12-14 07:45:07.673561,0 days 00:01:12.522873,256,4,14.341748530908898,COMPLETE
732,732,0.03795558959245682,2022-12-14 07:45:07.704923,2022-12-14 07:46:18.953283,0 days 00:01:11.248360,256,4,12.090973496231555,COMPLETE
733,733,0.05562455952167511,2022-12-14 07:46:19.005775,2022-12-14 07:47:25.877315,0 days 00:01:06.871540,256,4,10.402722062240409,COMPLETE
734,734,0.03401663899421692,2022-12-14 07:47:25.905724,2022-12-14 07:48:24.850988,0 days 00:00:58.945264,256,4,8.796478919157279,COMPLETE
735,735,0.03786572068929672,2022-12-14 07:48:24.881238,2022-12-14 07:49:22.844385,0 days 00:00:57.963147,256,4,7.122727970735694,COMPLETE
736,736,0.05395862087607384,2022-12-14 07:49:22.875130,2022-12-14 07:50:40.423755,0 days 00:01:17.548625,256,4,25.424206318662073,COMPLETE
737,737,0.04590499401092529,2022-12-14 07:50:40.476556,2022-12-14 07:51:53.727244,0 days 00:01:13.250688,256,4,54.56029244264404,COMPLETE
738,738,0.7301915287971497,2022-12-14 07:51:53.756490,2022-12-14 07:52:44.559097,0 days 00:00:50.802607,256,1,9.603235901733354,COMPLETE
739,739,0.04023459181189537,2022-12-14 07:52:44.588752,2022-12-14 07:53:54.400140,0 days 00:01:09.811388,256,5,11.39401839168838,COMPLETE
740,740,0.03478868305683136,2022-12-14 07:53:54.423286,2022-12-14 07:55:06.650370,0 days 00:01:12.227084,256,4,8.381775841468594,COMPLETE
741,741,0.07596689462661743,2022-12-14 07:55:06.723546,2022-12-14 07:56:12.134628,0 days 00:01:05.411082,256,4,66.33409368733635,COMPLETE
742,742,0.054876361042261124,2022-12-14 07:56:12.167501,2022-12-14 07:57:18.086120,0 days 00:01:05.918619,192,4,5.727413473543065,COMPLETE
743,743,0.28943538665771484,2022-12-14 07:57:18.112615,2022-12-14 07:58:22.555471,0 days 00:01:04.442856,256,2,10.330732400755341,COMPLETE
744,744,0.03521864861249924,2022-12-14 07:58:22.579312,2022-12-14 07:59:28.302218,0 days 00:01:05.722906,256,4,12.57683720723148,COMPLETE
745,745,0.03648214042186737,2022-12-14 07:59:28.331792,2022-12-14 08:00:27.610671,0 days 00:00:59.278879,256,4,6.835783680578955,COMPLETE
746,746,0.03335442766547203,2022-12-14 08:00:27.657891,2022-12-14 08:01:39.579805,0 days 00:01:11.921914,256,4,8.912818695541473,COMPLETE
747,747,0.05197947099804878,2022-12-14 08:01:39.608085,2022-12-14 08:02:48.823857,0 days 00:01:09.215772,256,4,17.21544366007098,COMPLETE
748,748,0.03349267318844795,2022-12-14 08:02:48.850634,2022-12-14 08:03:42.891355,0 days 00:00:54.040721,256,4,7.9271813145030485,COMPLETE
749,749,0.09392964839935303,2022-12-14 08:03:42.920494,2022-12-14 08:04:37.776666,0 days 00:00:54.856172,256,4,4.307820648892532,COMPLETE
750,750,0.052586544305086136,2022-12-14 08:04:37.805918,2022-12-14 08:05:33.017487,0 days 00:00:55.211569,256,4,27.364279425672496,COMPLETE
751,751,0.06925425678491592,2022-12-14 08:05:33.046566,2022-12-14 08:06:24.160198,0 days 00:00:51.113632,256,3,57.059431794127434,COMPLETE
752,752,0.06142180785536766,2022-12-14 08:06:24.189829,2022-12-14 08:07:18.754836,0 days 00:00:54.565007,256,4,41.05984560276946,COMPLETE
753,753,0.0684237852692604,2022-12-14 08:07:18.786798,2022-12-14 08:08:27.002519,0 days 00:01:08.215721,256,4,10.66340644811791,COMPLETE
754,754,0.03402070328593254,2022-12-14 08:08:27.030887,2022-12-14 08:09:37.999077,0 days 00:01:10.968190,256,4,9.413058789517295,COMPLETE
755,755,0.034200459718704224,2022-12-14 08:09:38.032947,2022-12-14 08:10:36.329508,0 days 00:00:58.296561,256,4,13.178954808589143,COMPLETE
756,756,0.08297408372163773,2022-12-14 08:10:36.386819,2022-12-14 08:11:45.466436,0 days 00:01:09.079617,256,4,2.421312849132306,COMPLETE
757,757,0.03915790468454361,2022-12-14 08:11:45.495431,2022-12-14 08:12:42.898060,0 days 00:00:57.402629,256,4,6.231704039099516,COMPLETE
758,758,0.03841313719749451,2022-12-14 08:12:42.924491,2022-12-14 08:13:39.569310,0 days 00:00:56.644819,256,4,15.469777579571064,COMPLETE
759,759,0.6496427059173584,2022-12-14 08:13:39.596114,2022-12-14 08:14:30.521550,0 days 00:00:50.925436,64,4,7.949831397784859,COMPLETE
760,760,0.04492346569895744,2022-12-14 08:14:30.553537,2022-12-14 08:15:32.460909,0 days 00:01:01.907372,256,5,11.642135947573113,COMPLETE
761,761,0.04373367130756378,2022-12-14 08:15:32.502722,2022-12-14 08:16:47.684900,0 days 00:01:15.182178,256,4,20.63654049517196,COMPLETE
762,762,0.0356961190700531,2022-12-14 08:16:47.736779,2022-12-14 08:17:59.231233,0 days 00:01:11.494454,256,4,9.857000047796667,COMPLETE
763,763,0.03519958630204201,2022-12-14 08:17:59.261337,2022-12-14 08:19:12.032302,0 days 00:01:12.770965,256,4,8.65238484102121,COMPLETE
764,764,0.03702715039253235,2022-12-14 08:19:12.061368,2022-12-14 08:20:15.020060,0 days 00:01:02.958692,256,4,6.979912033212052,COMPLETE
765,765,0.05953674763441086,2022-12-14 08:20:15.072727,2022-12-14 08:21:24.549352,0 days 00:01:09.476625,256,4,49.150128009909125,COMPLETE
766,766,0.04925628751516342,2022-12-14 08:21:24.609682,2022-12-14 08:22:38.021425,0 days 00:01:13.411743,256,3,10.535341955481433,COMPLETE
767,767,0.054544124752283096,2022-12-14 08:22:38.068227,2022-12-14 08:23:49.058567,0 days 00:01:10.990340,256,4,24.04792220963741,COMPLETE
768,768,0.23696079850196838,2022-12-14 08:23:49.086418,2022-12-14 08:24:36.873155,0 days 00:00:47.786737,128,4,11.703647218708305,COMPLETE
769,769,0.036020420491695404,2022-12-14 08:24:36.904337,2022-12-14 08:25:28.759656,0 days 00:00:51.855319,256,4,8.798515633122724,COMPLETE
770,770,0.0401606485247612,2022-12-14 08:25:28.788680,2022-12-14 08:26:35.551882,0 days 00:01:06.763202,256,4,6.928494548370895,COMPLETE
771,771,0.06680702418088913,2022-12-14 08:26:35.588849,2022-12-14 08:27:49.972996,0 days 00:01:14.384147,256,5,9.767644107508648,COMPLETE
772,772,0.03489108756184578,2022-12-14 08:27:50.004970,2022-12-14 08:28:46.680674,0 days 00:00:56.675704,256,4,12.855182491943847,COMPLETE
773,773,0.05582602322101593,2022-12-14 08:28:46.709237,2022-12-14 08:29:38.733439,0 days 00:00:52.024202,256,4,5.028506163049804,COMPLETE
774,774,0.07151981443166733,2022-12-14 08:29:38.763812,2022-12-14 08:30:35.700508,0 days 00:00:56.936696,256,6,19.00674145106397,COMPLETE
775,775,0.03358292952179909,2022-12-14 08:30:35.724612,2022-12-14 08:31:27.648134,0 days 00:00:51.923522,256,4,14.388482303286949,COMPLETE
776,776,0.035263098776340485,2022-12-14 08:31:27.677234,2022-12-14 08:32:18.782123,0 days 00:00:51.104889,256,4,7.812847922347563,COMPLETE
777,777,0.04264315590262413,2022-12-14 08:32:18.810215,2022-12-14 08:33:11.462346,0 days 00:00:52.652131,256,4,10.903705654288364,COMPLETE
778,778,0.03236331418156624,2022-12-14 08:33:11.491718,2022-12-14 08:34:05.637988,0 days 00:00:54.146270,256,4,9.196361516043316,COMPLETE
779,779,0.033825162798166275,2022-12-14 08:34:05.670186,2022-12-14 08:35:18.360919,0 days 00:01:12.690733,256,4,9.856316441489334,COMPLETE
780,780,0.04568125307559967,2022-12-14 08:35:18.394977,2022-12-14 08:36:18.415843,0 days 00:01:00.020866,256,4,22.30532948025855,COMPLETE
781,781,0.03777933493256569,2022-12-14 08:36:18.447683,2022-12-14 08:37:32.822485,0 days 00:01:14.374802,256,4,11.599875711110503,COMPLETE
782,782,0.05903221294283867,2022-12-14 08:37:32.870892,2022-12-14 08:38:43.544489,0 days 00:01:10.673597,256,3,9.126293874586938,COMPLETE
783,783,0.043169595301151276,2022-12-14 08:38:43.578021,2022-12-14 08:39:40.540597,0 days 00:00:56.962576,256,4,6.08844569526012,COMPLETE
784,784,0.03334233537316322,2022-12-14 08:39:40.566750,2022-12-14 08:40:36.413596,0 days 00:00:55.846846,256,4,7.92442835960429,COMPLETE
785,785,0.03831953927874565,2022-12-14 08:40:36.442853,2022-12-14 08:41:31.200050,0 days 00:00:54.757197,256,4,12.883448817411406,COMPLETE
786,786,0.04034029692411423,2022-12-14 08:41:31.228789,2022-12-14 08:42:25.921543,0 days 00:00:54.692754,256,4,11.054419740950223,COMPLETE
787,787,0.062572181224823,2022-12-14 08:42:25.950610,2022-12-14 08:43:21.960109,0 days 00:00:56.009499,256,4,37.05789192932854,COMPLETE
788,788,0.03531656041741371,2022-12-14 08:43:21.988179,2022-12-14 08:44:14.518662,0 days 00:00:52.530483,256,4,17.355339158769084,COMPLETE
789,789,0.035212717950344086,2022-12-14 08:44:14.546855,2022-12-14 08:45:10.920729,0 days 00:00:56.373874,256,4,9.642935670152285,COMPLETE
790,790,0.03485409542918205,2022-12-14 08:45:10.991056,2022-12-14 08:46:17.822029,0 days 00:01:06.830973,256,4,8.001846715231446,COMPLETE
